[INFO ] 2017-04-07 20:14:53.658 [localhost-startStop-1] ContextLoader - Root WebApplicationContext: initialization completed in 1765 ms
[INFO ] 2017-04-07 20:14:54.251 [main] RequestMappingHandlerAdapter - Looking for @ControllerAdvice: org.springframework.boot.context.embedded.AnnotationConfigEmbeddedWebApplicationContext@1190200a: startup date [Fri Apr 07 20:14:51 CEST 2017]; root of context hierarchy
[INFO ] 2017-04-07 20:14:54.342 [main] RequestMappingHandlerMapping - Mapped "{[/error]}" onto public org.springframework.http.ResponseEntity<java.util.Map<java.lang.String, java.lang.Object>> org.springframework.boot.autoconfigure.web.BasicErrorController.error(javax.servlet.http.HttpServletRequest)
[INFO ] 2017-04-07 20:14:54.344 [main] RequestMappingHandlerMapping - Mapped "{[/error],produces=[text/html]}" onto public org.springframework.web.servlet.ModelAndView org.springframework.boot.autoconfigure.web.BasicErrorController.errorHtml(javax.servlet.http.HttpServletRequest,javax.servlet.http.HttpServletResponse)
[INFO ] 2017-04-07 20:14:54.381 [main] SimpleUrlHandlerMapping - Mapped URL path [/webjars/**] onto handler of type [class org.springframework.web.servlet.resource.ResourceHttpRequestHandler]
[INFO ] 2017-04-07 20:14:54.381 [main] SimpleUrlHandlerMapping - Mapped URL path [/**] onto handler of type [class org.springframework.web.servlet.resource.ResourceHttpRequestHandler]
[INFO ] 2017-04-07 20:14:54.433 [main] SimpleUrlHandlerMapping - Mapped URL path [/**/favicon.ico] onto handler of type [class org.springframework.web.servlet.resource.ResourceHttpRequestHandler]
[INFO ] 2017-04-07 20:36:30.302 [localhost-startStop-1] ContextLoader - Root WebApplicationContext: initialization completed in 1690 ms
[INFO ] 2017-04-07 20:36:30.989 [main] RequestMappingHandlerAdapter - Looking for @ControllerAdvice: org.springframework.boot.context.embedded.AnnotationConfigEmbeddedWebApplicationContext@1190200a: startup date [Fri Apr 07 20:36:28 CEST 2017]; root of context hierarchy
[INFO ] 2017-04-07 20:36:31.075 [main] RequestMappingHandlerMapping - Mapped "{[/restNEO/feed]}" onto public void com.sz.asteroid.SchoolService.getStudent(java.lang.String) throws com.fasterxml.jackson.core.JsonProcessingException,java.io.IOException
[INFO ] 2017-04-07 20:36:31.079 [main] RequestMappingHandlerMapping - Mapped "{[/error]}" onto public org.springframework.http.ResponseEntity<java.util.Map<java.lang.String, java.lang.Object>> org.springframework.boot.autoconfigure.web.BasicErrorController.error(javax.servlet.http.HttpServletRequest)
[INFO ] 2017-04-07 20:36:31.079 [main] RequestMappingHandlerMapping - Mapped "{[/error],produces=[text/html]}" onto public org.springframework.web.servlet.ModelAndView org.springframework.boot.autoconfigure.web.BasicErrorController.errorHtml(javax.servlet.http.HttpServletRequest,javax.servlet.http.HttpServletResponse)
[INFO ] 2017-04-07 20:36:31.124 [main] SimpleUrlHandlerMapping - Mapped URL path [/webjars/**] onto handler of type [class org.springframework.web.servlet.resource.ResourceHttpRequestHandler]
[INFO ] 2017-04-07 20:36:31.124 [main] SimpleUrlHandlerMapping - Mapped URL path [/**] onto handler of type [class org.springframework.web.servlet.resource.ResourceHttpRequestHandler]
[INFO ] 2017-04-07 20:36:31.170 [main] SimpleUrlHandlerMapping - Mapped URL path [/**/favicon.ico] onto handler of type [class org.springframework.web.servlet.resource.ResourceHttpRequestHandler]
[INFO ] 2017-04-07 20:36:58.304 [http-nio-8080-exec-1] DispatcherServlet - FrameworkServlet 'dispatcherServlet': initialization started
[INFO ] 2017-04-07 20:36:58.328 [http-nio-8080-exec-1] DispatcherServlet - FrameworkServlet 'dispatcherServlet': initialization completed in 24 ms
[INFO ] 2017-04-07 20:37:36.469 [localhost-startStop-1] ContextLoader - Root WebApplicationContext: initialization completed in 1643 ms
[INFO ] 2017-04-07 20:37:37.148 [main] RequestMappingHandlerAdapter - Looking for @ControllerAdvice: org.springframework.boot.context.embedded.AnnotationConfigEmbeddedWebApplicationContext@1190200a: startup date [Fri Apr 07 20:37:34 CEST 2017]; root of context hierarchy
[INFO ] 2017-04-07 20:37:37.227 [main] RequestMappingHandlerMapping - Mapped "{[/restNEO/feed]}" onto public void com.sz.asteroid.SchoolService.getStudent() throws com.fasterxml.jackson.core.JsonProcessingException,java.io.IOException
[INFO ] 2017-04-07 20:37:37.230 [main] RequestMappingHandlerMapping - Mapped "{[/error]}" onto public org.springframework.http.ResponseEntity<java.util.Map<java.lang.String, java.lang.Object>> org.springframework.boot.autoconfigure.web.BasicErrorController.error(javax.servlet.http.HttpServletRequest)
[INFO ] 2017-04-07 20:37:37.230 [main] RequestMappingHandlerMapping - Mapped "{[/error],produces=[text/html]}" onto public org.springframework.web.servlet.ModelAndView org.springframework.boot.autoconfigure.web.BasicErrorController.errorHtml(javax.servlet.http.HttpServletRequest,javax.servlet.http.HttpServletResponse)
[INFO ] 2017-04-07 20:37:37.275 [main] SimpleUrlHandlerMapping - Mapped URL path [/webjars/**] onto handler of type [class org.springframework.web.servlet.resource.ResourceHttpRequestHandler]
[INFO ] 2017-04-07 20:37:37.275 [main] SimpleUrlHandlerMapping - Mapped URL path [/**] onto handler of type [class org.springframework.web.servlet.resource.ResourceHttpRequestHandler]
[INFO ] 2017-04-07 20:37:37.326 [main] SimpleUrlHandlerMapping - Mapped URL path [/**/favicon.ico] onto handler of type [class org.springframework.web.servlet.resource.ResourceHttpRequestHandler]
[INFO ] 2017-04-07 20:37:54.858 [http-nio-8080-exec-1] DispatcherServlet - FrameworkServlet 'dispatcherServlet': initialization started
[INFO ] 2017-04-07 20:37:54.879 [http-nio-8080-exec-1] DispatcherServlet - FrameworkServlet 'dispatcherServlet': initialization completed in 21 ms
[INFO ] 2017-04-07 20:38:52.630 [localhost-startStop-1] ContextLoader - Root WebApplicationContext: initialization completed in 1635 ms
[INFO ] 2017-04-07 20:38:53.284 [main] RequestMappingHandlerAdapter - Looking for @ControllerAdvice: org.springframework.boot.context.embedded.AnnotationConfigEmbeddedWebApplicationContext@1190200a: startup date [Fri Apr 07 20:38:50 CEST 2017]; root of context hierarchy
[INFO ] 2017-04-07 20:38:53.364 [main] RequestMappingHandlerMapping - Mapped "{[/restNEO/feed]}" onto public java.lang.String com.sz.asteroid.SchoolService.getStudent() throws com.fasterxml.jackson.core.JsonProcessingException,java.io.IOException
[INFO ] 2017-04-07 20:38:53.369 [main] RequestMappingHandlerMapping - Mapped "{[/error]}" onto public org.springframework.http.ResponseEntity<java.util.Map<java.lang.String, java.lang.Object>> org.springframework.boot.autoconfigure.web.BasicErrorController.error(javax.servlet.http.HttpServletRequest)
[INFO ] 2017-04-07 20:38:53.369 [main] RequestMappingHandlerMapping - Mapped "{[/error],produces=[text/html]}" onto public org.springframework.web.servlet.ModelAndView org.springframework.boot.autoconfigure.web.BasicErrorController.errorHtml(javax.servlet.http.HttpServletRequest,javax.servlet.http.HttpServletResponse)
[INFO ] 2017-04-07 20:38:53.409 [main] SimpleUrlHandlerMapping - Mapped URL path [/webjars/**] onto handler of type [class org.springframework.web.servlet.resource.ResourceHttpRequestHandler]
[INFO ] 2017-04-07 20:38:53.409 [main] SimpleUrlHandlerMapping - Mapped URL path [/**] onto handler of type [class org.springframework.web.servlet.resource.ResourceHttpRequestHandler]
[INFO ] 2017-04-07 20:38:53.455 [main] SimpleUrlHandlerMapping - Mapped URL path [/**/favicon.ico] onto handler of type [class org.springframework.web.servlet.resource.ResourceHttpRequestHandler]
[INFO ] 2017-04-07 20:39:05.548 [http-nio-8080-exec-1] DispatcherServlet - FrameworkServlet 'dispatcherServlet': initialization started
[INFO ] 2017-04-07 20:39:05.570 [http-nio-8080-exec-1] DispatcherServlet - FrameworkServlet 'dispatcherServlet': initialization completed in 22 ms
[INFO ] 2017-04-08 10:56:17.961 [localhost-startStop-1] ContextLoader - Root WebApplicationContext: initialization completed in 1755 ms
[INFO ] 2017-04-08 10:56:18.657 [main] RequestMappingHandlerAdapter - Looking for @ControllerAdvice: org.springframework.boot.context.embedded.AnnotationConfigEmbeddedWebApplicationContext@1190200a: startup date [Sat Apr 08 10:56:16 CEST 2017]; root of context hierarchy
[INFO ] 2017-04-08 10:56:18.747 [main] RequestMappingHandlerMapping - Mapped "{[/restNEO/feed]}" onto public java.lang.String com.sz.asteroid.SchoolService.getStudent() throws com.fasterxml.jackson.core.JsonProcessingException,java.io.IOException
[INFO ] 2017-04-08 10:56:18.751 [main] RequestMappingHandlerMapping - Mapped "{[/error]}" onto public org.springframework.http.ResponseEntity<java.util.Map<java.lang.String, java.lang.Object>> org.springframework.boot.autoconfigure.web.BasicErrorController.error(javax.servlet.http.HttpServletRequest)
[INFO ] 2017-04-08 10:56:18.752 [main] RequestMappingHandlerMapping - Mapped "{[/error],produces=[text/html]}" onto public org.springframework.web.servlet.ModelAndView org.springframework.boot.autoconfigure.web.BasicErrorController.errorHtml(javax.servlet.http.HttpServletRequest,javax.servlet.http.HttpServletResponse)
[INFO ] 2017-04-08 10:56:18.788 [main] SimpleUrlHandlerMapping - Mapped URL path [/webjars/**] onto handler of type [class org.springframework.web.servlet.resource.ResourceHttpRequestHandler]
[INFO ] 2017-04-08 10:56:18.789 [main] SimpleUrlHandlerMapping - Mapped URL path [/**] onto handler of type [class org.springframework.web.servlet.resource.ResourceHttpRequestHandler]
[INFO ] 2017-04-08 10:56:18.849 [main] SimpleUrlHandlerMapping - Mapped URL path [/**/favicon.ico] onto handler of type [class org.springframework.web.servlet.resource.ResourceHttpRequestHandler]
[INFO ] 2017-04-08 10:56:37.168 [http-nio-8080-exec-1] DispatcherServlet - FrameworkServlet 'dispatcherServlet': initialization started
[INFO ] 2017-04-08 10:56:37.189 [http-nio-8080-exec-1] DispatcherServlet - FrameworkServlet 'dispatcherServlet': initialization completed in 20 ms
[INFO ] 2017-04-08 11:30:51.412 [localhost-startStop-1] ContextLoader - Root WebApplicationContext: initialization completed in 1658 ms
[INFO ] 2017-04-08 11:30:52.087 [main] RequestMappingHandlerAdapter - Looking for @ControllerAdvice: org.springframework.boot.context.embedded.AnnotationConfigEmbeddedWebApplicationContext@6aaceffd: startup date [Sat Apr 08 11:30:49 CEST 2017]; root of context hierarchy
[INFO ] 2017-04-08 11:30:52.164 [main] RequestMappingHandlerMapping - Mapped "{[/restNEO/feed]}" onto public java.lang.String com.sz.asteroid.SchoolService.getStudent() throws com.fasterxml.jackson.core.JsonProcessingException,java.io.IOException
[INFO ] 2017-04-08 11:30:52.169 [main] RequestMappingHandlerMapping - Mapped "{[/error]}" onto public org.springframework.http.ResponseEntity<java.util.Map<java.lang.String, java.lang.Object>> org.springframework.boot.autoconfigure.web.BasicErrorController.error(javax.servlet.http.HttpServletRequest)
[INFO ] 2017-04-08 11:30:52.170 [main] RequestMappingHandlerMapping - Mapped "{[/error],produces=[text/html]}" onto public org.springframework.web.servlet.ModelAndView org.springframework.boot.autoconfigure.web.BasicErrorController.errorHtml(javax.servlet.http.HttpServletRequest,javax.servlet.http.HttpServletResponse)
[INFO ] 2017-04-08 11:30:52.209 [main] SimpleUrlHandlerMapping - Mapped URL path [/webjars/**] onto handler of type [class org.springframework.web.servlet.resource.ResourceHttpRequestHandler]
[INFO ] 2017-04-08 11:30:52.209 [main] SimpleUrlHandlerMapping - Mapped URL path [/**] onto handler of type [class org.springframework.web.servlet.resource.ResourceHttpRequestHandler]
[INFO ] 2017-04-08 11:30:52.260 [main] SimpleUrlHandlerMapping - Mapped URL path [/**/favicon.ico] onto handler of type [class org.springframework.web.servlet.resource.ResourceHttpRequestHandler]
[INFO ] 2017-04-08 11:32:04.197 [http-nio-8080-exec-1] DispatcherServlet - FrameworkServlet 'dispatcherServlet': initialization started
[INFO ] 2017-04-08 11:32:04.218 [http-nio-8080-exec-1] DispatcherServlet - FrameworkServlet 'dispatcherServlet': initialization completed in 21 ms
[INFO ] 2017-04-08 11:34:57.768 [localhost-startStop-1] ContextLoader - Root WebApplicationContext: initialization completed in 1646 ms
[INFO ] 2017-04-08 11:34:58.382 [main] RequestMappingHandlerAdapter - Looking for @ControllerAdvice: org.springframework.boot.context.embedded.AnnotationConfigEmbeddedWebApplicationContext@6aaceffd: startup date [Sat Apr 08 11:34:56 CEST 2017]; root of context hierarchy
[INFO ] 2017-04-08 11:34:58.465 [main] RequestMappingHandlerMapping - Mapped "{[/restNEO/feed]}" onto public java.lang.String com.sz.asteroid.SchoolService.getStudent() throws com.fasterxml.jackson.core.JsonProcessingException,java.io.IOException
[INFO ] 2017-04-08 11:34:58.470 [main] RequestMappingHandlerMapping - Mapped "{[/error]}" onto public org.springframework.http.ResponseEntity<java.util.Map<java.lang.String, java.lang.Object>> org.springframework.boot.autoconfigure.web.BasicErrorController.error(javax.servlet.http.HttpServletRequest)
[INFO ] 2017-04-08 11:34:58.471 [main] RequestMappingHandlerMapping - Mapped "{[/error],produces=[text/html]}" onto public org.springframework.web.servlet.ModelAndView org.springframework.boot.autoconfigure.web.BasicErrorController.errorHtml(javax.servlet.http.HttpServletRequest,javax.servlet.http.HttpServletResponse)
[INFO ] 2017-04-08 11:34:58.514 [main] SimpleUrlHandlerMapping - Mapped URL path [/webjars/**] onto handler of type [class org.springframework.web.servlet.resource.ResourceHttpRequestHandler]
[INFO ] 2017-04-08 11:34:58.514 [main] SimpleUrlHandlerMapping - Mapped URL path [/**] onto handler of type [class org.springframework.web.servlet.resource.ResourceHttpRequestHandler]
[INFO ] 2017-04-08 11:34:58.569 [main] SimpleUrlHandlerMapping - Mapped URL path [/**/favicon.ico] onto handler of type [class org.springframework.web.servlet.resource.ResourceHttpRequestHandler]
[INFO ] 2017-04-08 11:35:32.647 [http-nio-8080-exec-1] DispatcherServlet - FrameworkServlet 'dispatcherServlet': initialization started
[INFO ] 2017-04-08 11:35:32.670 [http-nio-8080-exec-1] DispatcherServlet - FrameworkServlet 'dispatcherServlet': initialization completed in 23 ms
[INFO ] 2017-04-08 11:45:29.654 [localhost-startStop-1] ContextLoader - Root WebApplicationContext: initialization completed in 1648 ms
[INFO ] 2017-04-08 11:45:30.302 [main] RequestMappingHandlerAdapter - Looking for @ControllerAdvice: org.springframework.boot.context.embedded.AnnotationConfigEmbeddedWebApplicationContext@6aaceffd: startup date [Sat Apr 08 11:45:28 CEST 2017]; root of context hierarchy
[INFO ] 2017-04-08 11:45:30.376 [main] RequestMappingHandlerMapping - Mapped "{[/restNEO/feed]}" onto public java.lang.String com.sz.asteroid.SchoolService.getStudent() throws com.fasterxml.jackson.core.JsonProcessingException,java.io.IOException
[INFO ] 2017-04-08 11:45:30.380 [main] RequestMappingHandlerMapping - Mapped "{[/error]}" onto public org.springframework.http.ResponseEntity<java.util.Map<java.lang.String, java.lang.Object>> org.springframework.boot.autoconfigure.web.BasicErrorController.error(javax.servlet.http.HttpServletRequest)
[INFO ] 2017-04-08 11:45:30.381 [main] RequestMappingHandlerMapping - Mapped "{[/error],produces=[text/html]}" onto public org.springframework.web.servlet.ModelAndView org.springframework.boot.autoconfigure.web.BasicErrorController.errorHtml(javax.servlet.http.HttpServletRequest,javax.servlet.http.HttpServletResponse)
[INFO ] 2017-04-08 11:45:30.425 [main] SimpleUrlHandlerMapping - Mapped URL path [/webjars/**] onto handler of type [class org.springframework.web.servlet.resource.ResourceHttpRequestHandler]
[INFO ] 2017-04-08 11:45:30.425 [main] SimpleUrlHandlerMapping - Mapped URL path [/**] onto handler of type [class org.springframework.web.servlet.resource.ResourceHttpRequestHandler]
[INFO ] 2017-04-08 11:45:30.475 [main] SimpleUrlHandlerMapping - Mapped URL path [/**/favicon.ico] onto handler of type [class org.springframework.web.servlet.resource.ResourceHttpRequestHandler]
[INFO ] 2017-04-08 14:26:19.596 [localhost-startStop-1] ContextLoader - Root WebApplicationContext: initialization completed in 1675 ms
[INFO ] 2017-04-08 14:26:20.238 [main] RequestMappingHandlerAdapter - Looking for @ControllerAdvice: org.springframework.boot.context.embedded.AnnotationConfigEmbeddedWebApplicationContext@38102d01: startup date [Sat Apr 08 14:26:17 CEST 2017]; root of context hierarchy
[INFO ] 2017-04-08 14:26:20.319 [main] RequestMappingHandlerMapping - Mapped "{[/restNEO/feed]}" onto public java.lang.String com.sz.asteroid.SchoolService.getStudent() throws com.fasterxml.jackson.core.JsonProcessingException,java.io.IOException
[INFO ] 2017-04-08 14:26:20.324 [main] RequestMappingHandlerMapping - Mapped "{[/error]}" onto public org.springframework.http.ResponseEntity<java.util.Map<java.lang.String, java.lang.Object>> org.springframework.boot.autoconfigure.web.BasicErrorController.error(javax.servlet.http.HttpServletRequest)
[INFO ] 2017-04-08 14:26:20.324 [main] RequestMappingHandlerMapping - Mapped "{[/error],produces=[text/html]}" onto public org.springframework.web.servlet.ModelAndView org.springframework.boot.autoconfigure.web.BasicErrorController.errorHtml(javax.servlet.http.HttpServletRequest,javax.servlet.http.HttpServletResponse)
[INFO ] 2017-04-08 14:26:20.364 [main] SimpleUrlHandlerMapping - Mapped URL path [/webjars/**] onto handler of type [class org.springframework.web.servlet.resource.ResourceHttpRequestHandler]
[INFO ] 2017-04-08 14:26:20.364 [main] SimpleUrlHandlerMapping - Mapped URL path [/**] onto handler of type [class org.springframework.web.servlet.resource.ResourceHttpRequestHandler]
[INFO ] 2017-04-08 14:26:20.412 [main] SimpleUrlHandlerMapping - Mapped URL path [/**/favicon.ico] onto handler of type [class org.springframework.web.servlet.resource.ResourceHttpRequestHandler]
[INFO ] 2017-04-08 14:40:29.966 [localhost-startStop-1] ContextLoader - Root WebApplicationContext: initialization completed in 1705 ms
[INFO ] 2017-04-08 14:40:30.618 [main] RequestMappingHandlerAdapter - Looking for @ControllerAdvice: org.springframework.boot.context.embedded.AnnotationConfigEmbeddedWebApplicationContext@1190200a: startup date [Sat Apr 08 14:40:28 CEST 2017]; root of context hierarchy
[INFO ] 2017-04-08 14:40:30.693 [main] RequestMappingHandlerMapping - Mapped "{[/restNEO/feed]}" onto public java.lang.String com.sz.asteroid.SchoolService.getStudent() throws com.fasterxml.jackson.core.JsonProcessingException,java.io.IOException
[INFO ] 2017-04-08 14:40:30.696 [main] RequestMappingHandlerMapping - Mapped "{[/error]}" onto public org.springframework.http.ResponseEntity<java.util.Map<java.lang.String, java.lang.Object>> org.springframework.boot.autoconfigure.web.BasicErrorController.error(javax.servlet.http.HttpServletRequest)
[INFO ] 2017-04-08 14:40:30.697 [main] RequestMappingHandlerMapping - Mapped "{[/error],produces=[text/html]}" onto public org.springframework.web.servlet.ModelAndView org.springframework.boot.autoconfigure.web.BasicErrorController.errorHtml(javax.servlet.http.HttpServletRequest,javax.servlet.http.HttpServletResponse)
[INFO ] 2017-04-08 14:40:30.734 [main] SimpleUrlHandlerMapping - Mapped URL path [/webjars/**] onto handler of type [class org.springframework.web.servlet.resource.ResourceHttpRequestHandler]
[INFO ] 2017-04-08 14:40:30.735 [main] SimpleUrlHandlerMapping - Mapped URL path [/**] onto handler of type [class org.springframework.web.servlet.resource.ResourceHttpRequestHandler]
[INFO ] 2017-04-08 14:40:30.787 [main] SimpleUrlHandlerMapping - Mapped URL path [/**/favicon.ico] onto handler of type [class org.springframework.web.servlet.resource.ResourceHttpRequestHandler]
[INFO ] 2017-04-08 14:40:36.402 [http-nio-8080-exec-1] DispatcherServlet - FrameworkServlet 'dispatcherServlet': initialization started
[INFO ] 2017-04-08 14:40:36.425 [http-nio-8080-exec-1] DispatcherServlet - FrameworkServlet 'dispatcherServlet': initialization completed in 23 ms
[INFO ] 2017-04-08 14:43:13.330 [localhost-startStop-1] ContextLoader - Root WebApplicationContext: initialization completed in 2174 ms
[INFO ] 2017-04-08 14:43:14.307 [main] RequestMappingHandlerAdapter - Looking for @ControllerAdvice: org.springframework.boot.context.embedded.AnnotationConfigEmbeddedWebApplicationContext@6da00fb9: startup date [Sat Apr 08 14:43:11 CEST 2017]; root of context hierarchy
[INFO ] 2017-04-08 14:43:14.419 [main] RequestMappingHandlerMapping - Mapped "{[/restNEO/feed]}" onto public java.lang.String com.sz.asteroid.SchoolService.getStudent() throws com.fasterxml.jackson.core.JsonProcessingException,java.io.IOException
[INFO ] 2017-04-08 14:43:14.423 [main] RequestMappingHandlerMapping - Mapped "{[/error]}" onto public org.springframework.http.ResponseEntity<java.util.Map<java.lang.String, java.lang.Object>> org.springframework.boot.autoconfigure.web.BasicErrorController.error(javax.servlet.http.HttpServletRequest)
[INFO ] 2017-04-08 14:43:14.424 [main] RequestMappingHandlerMapping - Mapped "{[/error],produces=[text/html]}" onto public org.springframework.web.servlet.ModelAndView org.springframework.boot.autoconfigure.web.BasicErrorController.errorHtml(javax.servlet.http.HttpServletRequest,javax.servlet.http.HttpServletResponse)
[INFO ] 2017-04-08 14:43:14.490 [main] SimpleUrlHandlerMapping - Mapped URL path [/webjars/**] onto handler of type [class org.springframework.web.servlet.resource.ResourceHttpRequestHandler]
[INFO ] 2017-04-08 14:43:14.490 [main] SimpleUrlHandlerMapping - Mapped URL path [/**] onto handler of type [class org.springframework.web.servlet.resource.ResourceHttpRequestHandler]
[INFO ] 2017-04-08 14:43:14.565 [main] SimpleUrlHandlerMapping - Mapped URL path [/**/favicon.ico] onto handler of type [class org.springframework.web.servlet.resource.ResourceHttpRequestHandler]
[INFO ] 2017-04-08 14:43:21.011 [http-nio-8080-exec-1] DispatcherServlet - FrameworkServlet 'dispatcherServlet': initialization started
[INFO ] 2017-04-08 14:43:21.047 [http-nio-8080-exec-1] DispatcherServlet - FrameworkServlet 'dispatcherServlet': initialization completed in 36 ms
[INFO ] 2017-04-08 16:10:46.324 [localhost-startStop-1] ContextLoader - Root WebApplicationContext: initialization completed in 1989 ms
[INFO ] 2017-04-08 16:10:47.211 [main] RequestMappingHandlerAdapter - Looking for @ControllerAdvice: org.springframework.boot.context.embedded.AnnotationConfigEmbeddedWebApplicationContext@3fa2213: startup date [Sat Apr 08 16:10:44 CEST 2017]; root of context hierarchy
[INFO ] 2017-04-08 16:10:47.326 [main] RequestMappingHandlerMapping - Mapped "{[/restNEO/feed]}" onto public java.lang.String com.sz.asteroid.SchoolService.getStudent() throws com.fasterxml.jackson.core.JsonProcessingException,java.io.IOException
[INFO ] 2017-04-08 16:10:47.331 [main] RequestMappingHandlerMapping - Mapped "{[/error]}" onto public org.springframework.http.ResponseEntity<java.util.Map<java.lang.String, java.lang.Object>> org.springframework.boot.autoconfigure.web.BasicErrorController.error(javax.servlet.http.HttpServletRequest)
[INFO ] 2017-04-08 16:10:47.332 [main] RequestMappingHandlerMapping - Mapped "{[/error],produces=[text/html]}" onto public org.springframework.web.servlet.ModelAndView org.springframework.boot.autoconfigure.web.BasicErrorController.errorHtml(javax.servlet.http.HttpServletRequest,javax.servlet.http.HttpServletResponse)
[INFO ] 2017-04-08 16:10:47.403 [main] SimpleUrlHandlerMapping - Mapped URL path [/webjars/**] onto handler of type [class org.springframework.web.servlet.resource.ResourceHttpRequestHandler]
[INFO ] 2017-04-08 16:10:47.403 [main] SimpleUrlHandlerMapping - Mapped URL path [/**] onto handler of type [class org.springframework.web.servlet.resource.ResourceHttpRequestHandler]
[INFO ] 2017-04-08 16:10:47.484 [main] SimpleUrlHandlerMapping - Mapped URL path [/**/favicon.ico] onto handler of type [class org.springframework.web.servlet.resource.ResourceHttpRequestHandler]
[INFO ] 2017-04-08 16:10:54.870 [http-nio-8080-exec-1] DispatcherServlet - FrameworkServlet 'dispatcherServlet': initialization started
[INFO ] 2017-04-08 16:10:54.908 [http-nio-8080-exec-1] DispatcherServlet - FrameworkServlet 'dispatcherServlet': initialization completed in 38 ms
[INFO ] 2017-04-08 16:14:24.668 [localhost-startStop-1] ContextLoader - Root WebApplicationContext: initialization completed in 2059 ms
[INFO ] 2017-04-08 16:14:25.569 [main] RequestMappingHandlerAdapter - Looking for @ControllerAdvice: org.springframework.boot.context.embedded.AnnotationConfigEmbeddedWebApplicationContext@3fa2213: startup date [Sat Apr 08 16:14:22 CEST 2017]; root of context hierarchy
[INFO ] 2017-04-08 16:14:25.697 [main] RequestMappingHandlerMapping - Mapped "{[/restNEO/feed]}" onto public java.lang.String com.sz.asteroid.SchoolService.getStudent() throws com.fasterxml.jackson.core.JsonProcessingException,java.io.IOException
[INFO ] 2017-04-08 16:14:25.702 [main] RequestMappingHandlerMapping - Mapped "{[/error]}" onto public org.springframework.http.ResponseEntity<java.util.Map<java.lang.String, java.lang.Object>> org.springframework.boot.autoconfigure.web.BasicErrorController.error(javax.servlet.http.HttpServletRequest)
[INFO ] 2017-04-08 16:14:25.703 [main] RequestMappingHandlerMapping - Mapped "{[/error],produces=[text/html]}" onto public org.springframework.web.servlet.ModelAndView org.springframework.boot.autoconfigure.web.BasicErrorController.errorHtml(javax.servlet.http.HttpServletRequest,javax.servlet.http.HttpServletResponse)
[INFO ] 2017-04-08 16:14:25.776 [main] SimpleUrlHandlerMapping - Mapped URL path [/webjars/**] onto handler of type [class org.springframework.web.servlet.resource.ResourceHttpRequestHandler]
[INFO ] 2017-04-08 16:14:25.776 [main] SimpleUrlHandlerMapping - Mapped URL path [/**] onto handler of type [class org.springframework.web.servlet.resource.ResourceHttpRequestHandler]
[INFO ] 2017-04-08 16:14:25.847 [main] SimpleUrlHandlerMapping - Mapped URL path [/**/favicon.ico] onto handler of type [class org.springframework.web.servlet.resource.ResourceHttpRequestHandler]
[INFO ] 2017-04-08 16:14:42.314 [http-nio-8080-exec-1] DispatcherServlet - FrameworkServlet 'dispatcherServlet': initialization started
[INFO ] 2017-04-08 16:14:42.347 [http-nio-8080-exec-1] DispatcherServlet - FrameworkServlet 'dispatcherServlet': initialization completed in 33 ms
[INFO ] 2017-04-08 16:22:11.828 [localhost-startStop-1] ContextLoader - Root WebApplicationContext: initialization completed in 2051 ms
[INFO ] 2017-04-08 16:22:12.686 [main] RequestMappingHandlerAdapter - Looking for @ControllerAdvice: org.springframework.boot.context.embedded.AnnotationConfigEmbeddedWebApplicationContext@3fa2213: startup date [Sat Apr 08 16:22:09 CEST 2017]; root of context hierarchy
[INFO ] 2017-04-08 16:22:12.803 [main] RequestMappingHandlerMapping - Mapped "{[/restNEO/feed]}" onto public java.lang.String com.sz.asteroid.SchoolService.getStudent() throws com.fasterxml.jackson.core.JsonProcessingException,java.io.IOException
[INFO ] 2017-04-08 16:22:12.807 [main] RequestMappingHandlerMapping - Mapped "{[/error]}" onto public org.springframework.http.ResponseEntity<java.util.Map<java.lang.String, java.lang.Object>> org.springframework.boot.autoconfigure.web.BasicErrorController.error(javax.servlet.http.HttpServletRequest)
[INFO ] 2017-04-08 16:22:12.808 [main] RequestMappingHandlerMapping - Mapped "{[/error],produces=[text/html]}" onto public org.springframework.web.servlet.ModelAndView org.springframework.boot.autoconfigure.web.BasicErrorController.errorHtml(javax.servlet.http.HttpServletRequest,javax.servlet.http.HttpServletResponse)
[INFO ] 2017-04-08 16:22:12.882 [main] SimpleUrlHandlerMapping - Mapped URL path [/webjars/**] onto handler of type [class org.springframework.web.servlet.resource.ResourceHttpRequestHandler]
[INFO ] 2017-04-08 16:22:12.883 [main] SimpleUrlHandlerMapping - Mapped URL path [/**] onto handler of type [class org.springframework.web.servlet.resource.ResourceHttpRequestHandler]
[INFO ] 2017-04-08 16:22:12.964 [main] SimpleUrlHandlerMapping - Mapped URL path [/**/favicon.ico] onto handler of type [class org.springframework.web.servlet.resource.ResourceHttpRequestHandler]
[INFO ] 2017-04-08 16:22:16.898 [http-nio-8080-exec-1] DispatcherServlet - FrameworkServlet 'dispatcherServlet': initialization started
[INFO ] 2017-04-08 16:22:16.937 [http-nio-8080-exec-1] DispatcherServlet - FrameworkServlet 'dispatcherServlet': initialization completed in 39 ms
[INFO ] 2017-04-08 16:50:55.074 [localhost-startStop-1] ContextLoader - Root WebApplicationContext: initialization completed in 1650 ms
[INFO ] 2017-04-08 16:50:55.758 [main] RequestMappingHandlerAdapter - Looking for @ControllerAdvice: org.springframework.boot.context.embedded.AnnotationConfigEmbeddedWebApplicationContext@707194ba: startup date [Sat Apr 08 16:50:53 CEST 2017]; root of context hierarchy
[INFO ] 2017-04-08 16:50:55.844 [main] RequestMappingHandlerMapping - Mapped "{[/restNEO/feed]}" onto public java.lang.String com.sz.asteroid.SchoolService.getStudent() throws com.fasterxml.jackson.core.JsonProcessingException,java.io.IOException
[INFO ] 2017-04-08 16:50:55.849 [main] RequestMappingHandlerMapping - Mapped "{[/error]}" onto public org.springframework.http.ResponseEntity<java.util.Map<java.lang.String, java.lang.Object>> org.springframework.boot.autoconfigure.web.BasicErrorController.error(javax.servlet.http.HttpServletRequest)
[INFO ] 2017-04-08 16:50:55.849 [main] RequestMappingHandlerMapping - Mapped "{[/error],produces=[text/html]}" onto public org.springframework.web.servlet.ModelAndView org.springframework.boot.autoconfigure.web.BasicErrorController.errorHtml(javax.servlet.http.HttpServletRequest,javax.servlet.http.HttpServletResponse)
[INFO ] 2017-04-08 16:50:55.892 [main] SimpleUrlHandlerMapping - Mapped URL path [/webjars/**] onto handler of type [class org.springframework.web.servlet.resource.ResourceHttpRequestHandler]
[INFO ] 2017-04-08 16:50:55.892 [main] SimpleUrlHandlerMapping - Mapped URL path [/**] onto handler of type [class org.springframework.web.servlet.resource.ResourceHttpRequestHandler]
[INFO ] 2017-04-08 16:50:55.946 [main] SimpleUrlHandlerMapping - Mapped URL path [/**/favicon.ico] onto handler of type [class org.springframework.web.servlet.resource.ResourceHttpRequestHandler]
[INFO ] 2017-04-08 16:51:13.904 [http-nio-8080-exec-1] DispatcherServlet - FrameworkServlet 'dispatcherServlet': initialization started
[INFO ] 2017-04-08 16:51:13.929 [http-nio-8080-exec-1] DispatcherServlet - FrameworkServlet 'dispatcherServlet': initialization completed in 25 ms
[INFO ] 2017-04-08 18:15:21.774 [localhost-startStop-1] ContextLoader - Root WebApplicationContext: initialization completed in 1684 ms
[INFO ] 2017-04-08 18:15:22.453 [main] RequestMappingHandlerAdapter - Looking for @ControllerAdvice: org.springframework.boot.context.embedded.AnnotationConfigEmbeddedWebApplicationContext@707194ba: startup date [Sat Apr 08 18:15:20 CEST 2017]; root of context hierarchy
[INFO ] 2017-04-08 18:15:22.536 [main] RequestMappingHandlerMapping - Mapped "{[/restNEO/feed]}" onto public java.lang.String com.sz.asteroid.SchoolService.getStudent() throws com.fasterxml.jackson.core.JsonProcessingException,java.io.IOException
[INFO ] 2017-04-08 18:15:22.540 [main] RequestMappingHandlerMapping - Mapped "{[/error]}" onto public org.springframework.http.ResponseEntity<java.util.Map<java.lang.String, java.lang.Object>> org.springframework.boot.autoconfigure.web.BasicErrorController.error(javax.servlet.http.HttpServletRequest)
[INFO ] 2017-04-08 18:15:22.541 [main] RequestMappingHandlerMapping - Mapped "{[/error],produces=[text/html]}" onto public org.springframework.web.servlet.ModelAndView org.springframework.boot.autoconfigure.web.BasicErrorController.errorHtml(javax.servlet.http.HttpServletRequest,javax.servlet.http.HttpServletResponse)
[INFO ] 2017-04-08 18:15:22.586 [main] SimpleUrlHandlerMapping - Mapped URL path [/webjars/**] onto handler of type [class org.springframework.web.servlet.resource.ResourceHttpRequestHandler]
[INFO ] 2017-04-08 18:15:22.586 [main] SimpleUrlHandlerMapping - Mapped URL path [/**] onto handler of type [class org.springframework.web.servlet.resource.ResourceHttpRequestHandler]
[INFO ] 2017-04-08 18:15:22.628 [main] SimpleUrlHandlerMapping - Mapped URL path [/**/favicon.ico] onto handler of type [class org.springframework.web.servlet.resource.ResourceHttpRequestHandler]
[INFO ] 2017-04-08 18:15:29.461 [http-nio-8080-exec-1] DispatcherServlet - FrameworkServlet 'dispatcherServlet': initialization started
[INFO ] 2017-04-08 18:15:29.494 [http-nio-8080-exec-1] DispatcherServlet - FrameworkServlet 'dispatcherServlet': initialization completed in 32 ms
[INFO ] 2017-04-08 18:21:11.427 [localhost-startStop-1] ContextLoader - Root WebApplicationContext: initialization completed in 1663 ms
[INFO ] 2017-04-08 18:21:12.070 [main] RequestMappingHandlerAdapter - Looking for @ControllerAdvice: org.springframework.boot.context.embedded.AnnotationConfigEmbeddedWebApplicationContext@707194ba: startup date [Sat Apr 08 18:21:09 CEST 2017]; root of context hierarchy
[INFO ] 2017-04-08 18:21:12.153 [main] RequestMappingHandlerMapping - Mapped "{[/restNEO/feed]}" onto public java.lang.String com.sz.asteroid.SchoolService.getStudent() throws com.fasterxml.jackson.core.JsonProcessingException,java.io.IOException
[INFO ] 2017-04-08 18:21:12.157 [main] RequestMappingHandlerMapping - Mapped "{[/error]}" onto public org.springframework.http.ResponseEntity<java.util.Map<java.lang.String, java.lang.Object>> org.springframework.boot.autoconfigure.web.BasicErrorController.error(javax.servlet.http.HttpServletRequest)
[INFO ] 2017-04-08 18:21:12.157 [main] RequestMappingHandlerMapping - Mapped "{[/error],produces=[text/html]}" onto public org.springframework.web.servlet.ModelAndView org.springframework.boot.autoconfigure.web.BasicErrorController.errorHtml(javax.servlet.http.HttpServletRequest,javax.servlet.http.HttpServletResponse)
[INFO ] 2017-04-08 18:21:12.197 [main] SimpleUrlHandlerMapping - Mapped URL path [/webjars/**] onto handler of type [class org.springframework.web.servlet.resource.ResourceHttpRequestHandler]
[INFO ] 2017-04-08 18:21:12.198 [main] SimpleUrlHandlerMapping - Mapped URL path [/**] onto handler of type [class org.springframework.web.servlet.resource.ResourceHttpRequestHandler]
[INFO ] 2017-04-08 18:21:12.242 [main] SimpleUrlHandlerMapping - Mapped URL path [/**/favicon.ico] onto handler of type [class org.springframework.web.servlet.resource.ResourceHttpRequestHandler]
[INFO ] 2017-04-08 18:21:22.817 [http-nio-8080-exec-1] DispatcherServlet - FrameworkServlet 'dispatcherServlet': initialization started
[INFO ] 2017-04-08 18:21:22.842 [http-nio-8080-exec-1] DispatcherServlet - FrameworkServlet 'dispatcherServlet': initialization completed in 25 ms
[INFO ] 2017-04-08 18:29:40.561 [localhost-startStop-1] ContextLoader - Root WebApplicationContext: initialization completed in 1733 ms
[INFO ] 2017-04-08 18:29:41.210 [main] RequestMappingHandlerAdapter - Looking for @ControllerAdvice: org.springframework.boot.context.embedded.AnnotationConfigEmbeddedWebApplicationContext@707194ba: startup date [Sat Apr 08 18:29:38 CEST 2017]; root of context hierarchy
[INFO ] 2017-04-08 18:29:41.288 [main] RequestMappingHandlerMapping - Mapped "{[/restNEO/feed]}" onto public java.lang.String com.sz.asteroid.SchoolService.getStudent() throws com.fasterxml.jackson.core.JsonProcessingException,java.io.IOException
[INFO ] 2017-04-08 18:29:41.291 [main] RequestMappingHandlerMapping - Mapped "{[/error]}" onto public org.springframework.http.ResponseEntity<java.util.Map<java.lang.String, java.lang.Object>> org.springframework.boot.autoconfigure.web.BasicErrorController.error(javax.servlet.http.HttpServletRequest)
[INFO ] 2017-04-08 18:29:41.292 [main] RequestMappingHandlerMapping - Mapped "{[/error],produces=[text/html]}" onto public org.springframework.web.servlet.ModelAndView org.springframework.boot.autoconfigure.web.BasicErrorController.errorHtml(javax.servlet.http.HttpServletRequest,javax.servlet.http.HttpServletResponse)
[INFO ] 2017-04-08 18:29:41.327 [main] SimpleUrlHandlerMapping - Mapped URL path [/webjars/**] onto handler of type [class org.springframework.web.servlet.resource.ResourceHttpRequestHandler]
[INFO ] 2017-04-08 18:29:41.328 [main] SimpleUrlHandlerMapping - Mapped URL path [/**] onto handler of type [class org.springframework.web.servlet.resource.ResourceHttpRequestHandler]
[INFO ] 2017-04-08 18:29:41.382 [main] SimpleUrlHandlerMapping - Mapped URL path [/**/favicon.ico] onto handler of type [class org.springframework.web.servlet.resource.ResourceHttpRequestHandler]
[INFO ] 2017-04-08 18:29:46.192 [http-nio-8080-exec-1] DispatcherServlet - FrameworkServlet 'dispatcherServlet': initialization started
[INFO ] 2017-04-08 18:29:46.217 [http-nio-8080-exec-1] DispatcherServlet - FrameworkServlet 'dispatcherServlet': initialization completed in 25 ms
[INFO ] 2017-04-08 18:31:08.045 [localhost-startStop-1] ContextLoader - Root WebApplicationContext: initialization completed in 2020 ms
[INFO ] 2017-04-08 18:31:08.916 [main] RequestMappingHandlerAdapter - Looking for @ControllerAdvice: org.springframework.boot.context.embedded.AnnotationConfigEmbeddedWebApplicationContext@3fa2213: startup date [Sat Apr 08 18:31:06 CEST 2017]; root of context hierarchy
[INFO ] 2017-04-08 18:31:09.035 [main] RequestMappingHandlerMapping - Mapped "{[/restNEO/feed]}" onto public java.lang.String com.sz.asteroid.SchoolService.getStudent() throws com.fasterxml.jackson.core.JsonProcessingException,java.io.IOException
[INFO ] 2017-04-08 18:31:09.040 [main] RequestMappingHandlerMapping - Mapped "{[/error]}" onto public org.springframework.http.ResponseEntity<java.util.Map<java.lang.String, java.lang.Object>> org.springframework.boot.autoconfigure.web.BasicErrorController.error(javax.servlet.http.HttpServletRequest)
[INFO ] 2017-04-08 18:31:09.041 [main] RequestMappingHandlerMapping - Mapped "{[/error],produces=[text/html]}" onto public org.springframework.web.servlet.ModelAndView org.springframework.boot.autoconfigure.web.BasicErrorController.errorHtml(javax.servlet.http.HttpServletRequest,javax.servlet.http.HttpServletResponse)
[INFO ] 2017-04-08 18:31:09.112 [main] SimpleUrlHandlerMapping - Mapped URL path [/webjars/**] onto handler of type [class org.springframework.web.servlet.resource.ResourceHttpRequestHandler]
[INFO ] 2017-04-08 18:31:09.112 [main] SimpleUrlHandlerMapping - Mapped URL path [/**] onto handler of type [class org.springframework.web.servlet.resource.ResourceHttpRequestHandler]
[INFO ] 2017-04-08 18:31:09.187 [main] SimpleUrlHandlerMapping - Mapped URL path [/**/favicon.ico] onto handler of type [class org.springframework.web.servlet.resource.ResourceHttpRequestHandler]
[INFO ] 2017-04-08 18:31:12.857 [http-nio-8080-exec-1] DispatcherServlet - FrameworkServlet 'dispatcherServlet': initialization started
[INFO ] 2017-04-08 18:31:12.889 [http-nio-8080-exec-1] DispatcherServlet - FrameworkServlet 'dispatcherServlet': initialization completed in 32 ms
[INFO ] 2017-04-08 18:39:44.012 [localhost-startStop-1] ContextLoader - Root WebApplicationContext: initialization completed in 1690 ms
[INFO ] 2017-04-08 18:39:44.648 [main] RequestMappingHandlerAdapter - Looking for @ControllerAdvice: org.springframework.boot.context.embedded.AnnotationConfigEmbeddedWebApplicationContext@6a2f6f80: startup date [Sat Apr 08 18:39:42 CEST 2017]; root of context hierarchy
[INFO ] 2017-04-08 18:39:44.730 [main] RequestMappingHandlerMapping - Mapped "{[/restNEO/feed]}" onto public java.lang.String com.sz.asteroid.SchoolService.getStudent() throws com.fasterxml.jackson.core.JsonProcessingException,java.io.IOException
[INFO ] 2017-04-08 18:39:44.733 [main] RequestMappingHandlerMapping - Mapped "{[/error]}" onto public org.springframework.http.ResponseEntity<java.util.Map<java.lang.String, java.lang.Object>> org.springframework.boot.autoconfigure.web.BasicErrorController.error(javax.servlet.http.HttpServletRequest)
[INFO ] 2017-04-08 18:39:44.734 [main] RequestMappingHandlerMapping - Mapped "{[/error],produces=[text/html]}" onto public org.springframework.web.servlet.ModelAndView org.springframework.boot.autoconfigure.web.BasicErrorController.errorHtml(javax.servlet.http.HttpServletRequest,javax.servlet.http.HttpServletResponse)
[INFO ] 2017-04-08 18:39:44.775 [main] SimpleUrlHandlerMapping - Mapped URL path [/webjars/**] onto handler of type [class org.springframework.web.servlet.resource.ResourceHttpRequestHandler]
[INFO ] 2017-04-08 18:39:44.775 [main] SimpleUrlHandlerMapping - Mapped URL path [/**] onto handler of type [class org.springframework.web.servlet.resource.ResourceHttpRequestHandler]
[INFO ] 2017-04-08 18:39:44.829 [main] SimpleUrlHandlerMapping - Mapped URL path [/**/favicon.ico] onto handler of type [class org.springframework.web.servlet.resource.ResourceHttpRequestHandler]
[INFO ] 2017-04-08 18:39:50.280 [http-nio-8080-exec-1] DispatcherServlet - FrameworkServlet 'dispatcherServlet': initialization started
[INFO ] 2017-04-08 18:39:50.308 [http-nio-8080-exec-1] DispatcherServlet - FrameworkServlet 'dispatcherServlet': initialization completed in 28 ms
[INFO ] 2017-04-08 18:44:05.934 [localhost-startStop-1] ContextLoader - Root WebApplicationContext: initialization completed in 1636 ms
[INFO ] 2017-04-08 18:44:06.601 [main] RequestMappingHandlerAdapter - Looking for @ControllerAdvice: org.springframework.boot.context.embedded.AnnotationConfigEmbeddedWebApplicationContext@6a2f6f80: startup date [Sat Apr 08 18:44:04 CEST 2017]; root of context hierarchy
[INFO ] 2017-04-08 18:44:06.679 [main] RequestMappingHandlerMapping - Mapped "{[/restNEO/feed]}" onto public java.lang.String com.sz.asteroid.SchoolService.getStudent() throws com.fasterxml.jackson.core.JsonProcessingException,java.io.IOException
[INFO ] 2017-04-08 18:44:06.682 [main] RequestMappingHandlerMapping - Mapped "{[/error]}" onto public org.springframework.http.ResponseEntity<java.util.Map<java.lang.String, java.lang.Object>> org.springframework.boot.autoconfigure.web.BasicErrorController.error(javax.servlet.http.HttpServletRequest)
[INFO ] 2017-04-08 18:44:06.682 [main] RequestMappingHandlerMapping - Mapped "{[/error],produces=[text/html]}" onto public org.springframework.web.servlet.ModelAndView org.springframework.boot.autoconfigure.web.BasicErrorController.errorHtml(javax.servlet.http.HttpServletRequest,javax.servlet.http.HttpServletResponse)
[INFO ] 2017-04-08 18:44:06.720 [main] SimpleUrlHandlerMapping - Mapped URL path [/webjars/**] onto handler of type [class org.springframework.web.servlet.resource.ResourceHttpRequestHandler]
[INFO ] 2017-04-08 18:44:06.720 [main] SimpleUrlHandlerMapping - Mapped URL path [/**] onto handler of type [class org.springframework.web.servlet.resource.ResourceHttpRequestHandler]
[INFO ] 2017-04-08 18:44:06.768 [main] SimpleUrlHandlerMapping - Mapped URL path [/**/favicon.ico] onto handler of type [class org.springframework.web.servlet.resource.ResourceHttpRequestHandler]
[INFO ] 2017-04-08 18:44:11.102 [http-nio-8080-exec-1] DispatcherServlet - FrameworkServlet 'dispatcherServlet': initialization started
[INFO ] 2017-04-08 18:44:11.128 [http-nio-8080-exec-1] DispatcherServlet - FrameworkServlet 'dispatcherServlet': initialization completed in 26 ms
[INFO ] 2017-04-08 18:53:13.255 [localhost-startStop-1] ContextLoader - Root WebApplicationContext: initialization completed in 1657 ms
[INFO ] 2017-04-08 18:53:13.901 [main] RequestMappingHandlerAdapter - Looking for @ControllerAdvice: org.springframework.boot.context.embedded.AnnotationConfigEmbeddedWebApplicationContext@6a2f6f80: startup date [Sat Apr 08 18:53:11 CEST 2017]; root of context hierarchy
[INFO ] 2017-04-08 18:53:13.983 [main] RequestMappingHandlerMapping - Mapped "{[/restNEO/feed]}" onto public java.lang.String com.sz.asteroid.SchoolService.getStudent() throws com.fasterxml.jackson.core.JsonProcessingException,java.io.IOException
[INFO ] 2017-04-08 18:53:13.986 [main] RequestMappingHandlerMapping - Mapped "{[/error]}" onto public org.springframework.http.ResponseEntity<java.util.Map<java.lang.String, java.lang.Object>> org.springframework.boot.autoconfigure.web.BasicErrorController.error(javax.servlet.http.HttpServletRequest)
[INFO ] 2017-04-08 18:53:13.987 [main] RequestMappingHandlerMapping - Mapped "{[/error],produces=[text/html]}" onto public org.springframework.web.servlet.ModelAndView org.springframework.boot.autoconfigure.web.BasicErrorController.errorHtml(javax.servlet.http.HttpServletRequest,javax.servlet.http.HttpServletResponse)
[INFO ] 2017-04-08 18:53:14.023 [main] SimpleUrlHandlerMapping - Mapped URL path [/webjars/**] onto handler of type [class org.springframework.web.servlet.resource.ResourceHttpRequestHandler]
[INFO ] 2017-04-08 18:53:14.023 [main] SimpleUrlHandlerMapping - Mapped URL path [/**] onto handler of type [class org.springframework.web.servlet.resource.ResourceHttpRequestHandler]
[INFO ] 2017-04-08 18:53:14.068 [main] SimpleUrlHandlerMapping - Mapped URL path [/**/favicon.ico] onto handler of type [class org.springframework.web.servlet.resource.ResourceHttpRequestHandler]
[INFO ] 2017-04-08 18:53:18.607 [http-nio-8080-exec-1] DispatcherServlet - FrameworkServlet 'dispatcherServlet': initialization started
[INFO ] 2017-04-08 18:53:18.633 [http-nio-8080-exec-1] DispatcherServlet - FrameworkServlet 'dispatcherServlet': initialization completed in 25 ms
[INFO ] 2017-04-08 18:54:52.585 [localhost-startStop-1] ContextLoader - Root WebApplicationContext: initialization completed in 1656 ms
[INFO ] 2017-04-08 18:54:53.206 [main] RequestMappingHandlerAdapter - Looking for @ControllerAdvice: org.springframework.boot.context.embedded.AnnotationConfigEmbeddedWebApplicationContext@6a2f6f80: startup date [Sat Apr 08 18:54:50 CEST 2017]; root of context hierarchy
[INFO ] 2017-04-08 18:54:53.293 [main] RequestMappingHandlerMapping - Mapped "{[/restNEO/feed]}" onto public java.lang.String com.sz.asteroid.SchoolService.getStudent() throws com.fasterxml.jackson.core.JsonProcessingException,java.io.IOException
[INFO ] 2017-04-08 18:54:53.298 [main] RequestMappingHandlerMapping - Mapped "{[/error]}" onto public org.springframework.http.ResponseEntity<java.util.Map<java.lang.String, java.lang.Object>> org.springframework.boot.autoconfigure.web.BasicErrorController.error(javax.servlet.http.HttpServletRequest)
[INFO ] 2017-04-08 18:54:53.298 [main] RequestMappingHandlerMapping - Mapped "{[/error],produces=[text/html]}" onto public org.springframework.web.servlet.ModelAndView org.springframework.boot.autoconfigure.web.BasicErrorController.errorHtml(javax.servlet.http.HttpServletRequest,javax.servlet.http.HttpServletResponse)
[INFO ] 2017-04-08 18:54:53.348 [main] SimpleUrlHandlerMapping - Mapped URL path [/webjars/**] onto handler of type [class org.springframework.web.servlet.resource.ResourceHttpRequestHandler]
[INFO ] 2017-04-08 18:54:53.349 [main] SimpleUrlHandlerMapping - Mapped URL path [/**] onto handler of type [class org.springframework.web.servlet.resource.ResourceHttpRequestHandler]
[INFO ] 2017-04-08 18:54:53.390 [main] SimpleUrlHandlerMapping - Mapped URL path [/**/favicon.ico] onto handler of type [class org.springframework.web.servlet.resource.ResourceHttpRequestHandler]
[INFO ] 2017-04-08 18:55:03.543 [http-nio-8080-exec-1] DispatcherServlet - FrameworkServlet 'dispatcherServlet': initialization started
[INFO ] 2017-04-08 18:55:03.570 [http-nio-8080-exec-1] DispatcherServlet - FrameworkServlet 'dispatcherServlet': initialization completed in 27 ms
[INFO ] 2017-04-08 18:55:22.794 [localhost-startStop-1] ContextLoader - Root WebApplicationContext: initialization completed in 2074 ms
[INFO ] 2017-04-08 18:55:23.752 [main] RequestMappingHandlerAdapter - Looking for @ControllerAdvice: org.springframework.boot.context.embedded.AnnotationConfigEmbeddedWebApplicationContext@5b619d14: startup date [Sat Apr 08 18:55:20 CEST 2017]; root of context hierarchy
[INFO ] 2017-04-08 18:55:23.868 [main] RequestMappingHandlerMapping - Mapped "{[/restNEO/feed]}" onto public java.lang.String com.sz.asteroid.SchoolService.getStudent() throws com.fasterxml.jackson.core.JsonProcessingException,java.io.IOException
[INFO ] 2017-04-08 18:55:23.872 [main] RequestMappingHandlerMapping - Mapped "{[/error]}" onto public org.springframework.http.ResponseEntity<java.util.Map<java.lang.String, java.lang.Object>> org.springframework.boot.autoconfigure.web.BasicErrorController.error(javax.servlet.http.HttpServletRequest)
[INFO ] 2017-04-08 18:55:23.873 [main] RequestMappingHandlerMapping - Mapped "{[/error],produces=[text/html]}" onto public org.springframework.web.servlet.ModelAndView org.springframework.boot.autoconfigure.web.BasicErrorController.errorHtml(javax.servlet.http.HttpServletRequest,javax.servlet.http.HttpServletResponse)
[INFO ] 2017-04-08 18:55:23.938 [main] SimpleUrlHandlerMapping - Mapped URL path [/webjars/**] onto handler of type [class org.springframework.web.servlet.resource.ResourceHttpRequestHandler]
[INFO ] 2017-04-08 18:55:23.939 [main] SimpleUrlHandlerMapping - Mapped URL path [/**] onto handler of type [class org.springframework.web.servlet.resource.ResourceHttpRequestHandler]
[INFO ] 2017-04-08 18:55:24.008 [main] SimpleUrlHandlerMapping - Mapped URL path [/**/favicon.ico] onto handler of type [class org.springframework.web.servlet.resource.ResourceHttpRequestHandler]
[INFO ] 2017-04-08 18:55:27.804 [http-nio-8080-exec-1] DispatcherServlet - FrameworkServlet 'dispatcherServlet': initialization started
[INFO ] 2017-04-08 18:55:27.838 [http-nio-8080-exec-1] DispatcherServlet - FrameworkServlet 'dispatcherServlet': initialization completed in 33 ms
[INFO ] 2017-04-08 18:56:36.983 [localhost-startStop-1] ContextLoader - Root WebApplicationContext: initialization completed in 1734 ms
[INFO ] 2017-04-08 18:56:37.661 [main] RequestMappingHandlerAdapter - Looking for @ControllerAdvice: org.springframework.boot.context.embedded.AnnotationConfigEmbeddedWebApplicationContext@6a2f6f80: startup date [Sat Apr 08 18:56:35 CEST 2017]; root of context hierarchy
[INFO ] 2017-04-08 18:56:37.743 [main] RequestMappingHandlerMapping - Mapped "{[/restNEO/feed]}" onto public java.lang.String com.sz.asteroid.SchoolService.getStudent() throws com.fasterxml.jackson.core.JsonProcessingException,java.io.IOException
[INFO ] 2017-04-08 18:56:37.747 [main] RequestMappingHandlerMapping - Mapped "{[/error]}" onto public org.springframework.http.ResponseEntity<java.util.Map<java.lang.String, java.lang.Object>> org.springframework.boot.autoconfigure.web.BasicErrorController.error(javax.servlet.http.HttpServletRequest)
[INFO ] 2017-04-08 18:56:37.747 [main] RequestMappingHandlerMapping - Mapped "{[/error],produces=[text/html]}" onto public org.springframework.web.servlet.ModelAndView org.springframework.boot.autoconfigure.web.BasicErrorController.errorHtml(javax.servlet.http.HttpServletRequest,javax.servlet.http.HttpServletResponse)
[INFO ] 2017-04-08 18:56:37.785 [main] SimpleUrlHandlerMapping - Mapped URL path [/webjars/**] onto handler of type [class org.springframework.web.servlet.resource.ResourceHttpRequestHandler]
[INFO ] 2017-04-08 18:56:37.785 [main] SimpleUrlHandlerMapping - Mapped URL path [/**] onto handler of type [class org.springframework.web.servlet.resource.ResourceHttpRequestHandler]
[INFO ] 2017-04-08 18:56:37.836 [main] SimpleUrlHandlerMapping - Mapped URL path [/**/favicon.ico] onto handler of type [class org.springframework.web.servlet.resource.ResourceHttpRequestHandler]
[INFO ] 2017-04-08 18:57:45.981 [http-nio-8080-exec-1] DispatcherServlet - FrameworkServlet 'dispatcherServlet': initialization started
[INFO ] 2017-04-08 18:57:46.013 [http-nio-8080-exec-1] DispatcherServlet - FrameworkServlet 'dispatcherServlet': initialization completed in 31 ms
[INFO ] 2017-04-09 18:45:03.461 [localhost-startStop-1] ContextLoader - Root WebApplicationContext: initialization completed in 4016 ms
[INFO ] 2017-04-09 18:45:04.156 [main] RequestMappingHandlerAdapter - Looking for @ControllerAdvice: org.springframework.boot.context.embedded.AnnotationConfigEmbeddedWebApplicationContext@45b4c3a9: startup date [Sun Apr 09 18:44:59 CEST 2017]; root of context hierarchy
[INFO ] 2017-04-09 18:45:04.254 [main] RequestMappingHandlerMapping - Mapped "{[/restNEO/feed]}" onto public java.lang.String com.sz.asteroid.SchoolService.getStudent() throws com.fasterxml.jackson.core.JsonProcessingException,java.io.IOException
[INFO ] 2017-04-09 18:45:04.258 [main] RequestMappingHandlerMapping - Mapped "{[/error]}" onto public org.springframework.http.ResponseEntity<java.util.Map<java.lang.String, java.lang.Object>> org.springframework.boot.autoconfigure.web.BasicErrorController.error(javax.servlet.http.HttpServletRequest)
[INFO ] 2017-04-09 18:45:04.259 [main] RequestMappingHandlerMapping - Mapped "{[/error],produces=[text/html]}" onto public org.springframework.web.servlet.ModelAndView org.springframework.boot.autoconfigure.web.BasicErrorController.errorHtml(javax.servlet.http.HttpServletRequest,javax.servlet.http.HttpServletResponse)
[INFO ] 2017-04-09 18:45:04.295 [main] SimpleUrlHandlerMapping - Mapped URL path [/webjars/**] onto handler of type [class org.springframework.web.servlet.resource.ResourceHttpRequestHandler]
[INFO ] 2017-04-09 18:45:04.295 [main] SimpleUrlHandlerMapping - Mapped URL path [/**] onto handler of type [class org.springframework.web.servlet.resource.ResourceHttpRequestHandler]
[INFO ] 2017-04-09 18:45:04.354 [main] SimpleUrlHandlerMapping - Mapped URL path [/**/favicon.ico] onto handler of type [class org.springframework.web.servlet.resource.ResourceHttpRequestHandler]
[INFO ] 2017-04-09 18:45:11.626 [http-nio-8080-exec-1] DispatcherServlet - FrameworkServlet 'dispatcherServlet': initialization started
[INFO ] 2017-04-09 18:45:11.649 [http-nio-8080-exec-1] DispatcherServlet - FrameworkServlet 'dispatcherServlet': initialization completed in 23 ms
[INFO ] 2017-04-09 19:29:38.014 [localhost-startStop-1] ContextLoader - Root WebApplicationContext: initialization completed in 1663 ms
[INFO ] 2017-04-09 19:29:38.661 [main] RequestMappingHandlerAdapter - Looking for @ControllerAdvice: org.springframework.boot.context.embedded.AnnotationConfigEmbeddedWebApplicationContext@45b4c3a9: startup date [Sun Apr 09 19:29:36 CEST 2017]; root of context hierarchy
[INFO ] 2017-04-09 19:29:38.739 [main] RequestMappingHandlerMapping - Mapped "{[/restNEO/feed]}" onto public java.lang.String com.sz.asteroid.FeedService.fetchFeedToday() throws com.fasterxml.jackson.core.JsonProcessingException,java.io.IOException
[INFO ] 2017-04-09 19:29:38.743 [main] RequestMappingHandlerMapping - Mapped "{[/error]}" onto public org.springframework.http.ResponseEntity<java.util.Map<java.lang.String, java.lang.Object>> org.springframework.boot.autoconfigure.web.BasicErrorController.error(javax.servlet.http.HttpServletRequest)
[INFO ] 2017-04-09 19:29:38.743 [main] RequestMappingHandlerMapping - Mapped "{[/error],produces=[text/html]}" onto public org.springframework.web.servlet.ModelAndView org.springframework.boot.autoconfigure.web.BasicErrorController.errorHtml(javax.servlet.http.HttpServletRequest,javax.servlet.http.HttpServletResponse)
[INFO ] 2017-04-09 19:29:38.781 [main] SimpleUrlHandlerMapping - Mapped URL path [/webjars/**] onto handler of type [class org.springframework.web.servlet.resource.ResourceHttpRequestHandler]
[INFO ] 2017-04-09 19:29:38.781 [main] SimpleUrlHandlerMapping - Mapped URL path [/**] onto handler of type [class org.springframework.web.servlet.resource.ResourceHttpRequestHandler]
[INFO ] 2017-04-09 19:29:38.829 [main] SimpleUrlHandlerMapping - Mapped URL path [/**/favicon.ico] onto handler of type [class org.springframework.web.servlet.resource.ResourceHttpRequestHandler]
[INFO ] 2017-04-09 19:30:05.224 [http-nio-8080-exec-1] DispatcherServlet - FrameworkServlet 'dispatcherServlet': initialization started
[INFO ] 2017-04-09 19:30:05.255 [http-nio-8080-exec-1] DispatcherServlet - FrameworkServlet 'dispatcherServlet': initialization completed in 31 ms
[INFO ] 2017-04-09 19:30:31.105 [localhost-startStop-1] ContextLoader - Root WebApplicationContext: initialization completed in 2007 ms
[INFO ] 2017-04-09 19:30:32.031 [main] RequestMappingHandlerAdapter - Looking for @ControllerAdvice: org.springframework.boot.context.embedded.AnnotationConfigEmbeddedWebApplicationContext@5e81e5ac: startup date [Sun Apr 09 19:30:29 CEST 2017]; root of context hierarchy
[INFO ] 2017-04-09 19:30:32.154 [main] RequestMappingHandlerMapping - Mapped "{[/restNEO/feed]}" onto public java.lang.String com.sz.asteroid.FeedService.fetchFeedToday() throws com.fasterxml.jackson.core.JsonProcessingException,java.io.IOException
[INFO ] 2017-04-09 19:30:32.159 [main] RequestMappingHandlerMapping - Mapped "{[/error]}" onto public org.springframework.http.ResponseEntity<java.util.Map<java.lang.String, java.lang.Object>> org.springframework.boot.autoconfigure.web.BasicErrorController.error(javax.servlet.http.HttpServletRequest)
[INFO ] 2017-04-09 19:30:32.160 [main] RequestMappingHandlerMapping - Mapped "{[/error],produces=[text/html]}" onto public org.springframework.web.servlet.ModelAndView org.springframework.boot.autoconfigure.web.BasicErrorController.errorHtml(javax.servlet.http.HttpServletRequest,javax.servlet.http.HttpServletResponse)
[INFO ] 2017-04-09 19:30:32.229 [main] SimpleUrlHandlerMapping - Mapped URL path [/webjars/**] onto handler of type [class org.springframework.web.servlet.resource.ResourceHttpRequestHandler]
[INFO ] 2017-04-09 19:30:32.229 [main] SimpleUrlHandlerMapping - Mapped URL path [/**] onto handler of type [class org.springframework.web.servlet.resource.ResourceHttpRequestHandler]
[INFO ] 2017-04-09 19:30:32.302 [main] SimpleUrlHandlerMapping - Mapped URL path [/**/favicon.ico] onto handler of type [class org.springframework.web.servlet.resource.ResourceHttpRequestHandler]
[INFO ] 2017-04-09 19:30:37.842 [http-nio-8080-exec-1] DispatcherServlet - FrameworkServlet 'dispatcherServlet': initialization started
[INFO ] 2017-04-09 19:30:37.873 [http-nio-8080-exec-1] DispatcherServlet - FrameworkServlet 'dispatcherServlet': initialization completed in 31 ms
[INFO ] 2017-04-09 19:31:10.210 [localhost-startStop-1] ContextLoader - Root WebApplicationContext: initialization completed in 1719 ms
[INFO ] 2017-04-09 19:31:10.825 [main] RequestMappingHandlerAdapter - Looking for @ControllerAdvice: org.springframework.boot.context.embedded.AnnotationConfigEmbeddedWebApplicationContext@45b4c3a9: startup date [Sun Apr 09 19:31:08 CEST 2017]; root of context hierarchy
[INFO ] 2017-04-09 19:31:10.910 [main] RequestMappingHandlerMapping - Mapped "{[/restNEO/feed]}" onto public java.lang.String com.sz.asteroid.FeedService.fetchFeedToday() throws com.fasterxml.jackson.core.JsonProcessingException,java.io.IOException
[INFO ] 2017-04-09 19:31:10.914 [main] RequestMappingHandlerMapping - Mapped "{[/error]}" onto public org.springframework.http.ResponseEntity<java.util.Map<java.lang.String, java.lang.Object>> org.springframework.boot.autoconfigure.web.BasicErrorController.error(javax.servlet.http.HttpServletRequest)
[INFO ] 2017-04-09 19:31:10.915 [main] RequestMappingHandlerMapping - Mapped "{[/error],produces=[text/html]}" onto public org.springframework.web.servlet.ModelAndView org.springframework.boot.autoconfigure.web.BasicErrorController.errorHtml(javax.servlet.http.HttpServletRequest,javax.servlet.http.HttpServletResponse)
[INFO ] 2017-04-09 19:31:10.960 [main] SimpleUrlHandlerMapping - Mapped URL path [/webjars/**] onto handler of type [class org.springframework.web.servlet.resource.ResourceHttpRequestHandler]
[INFO ] 2017-04-09 19:31:10.960 [main] SimpleUrlHandlerMapping - Mapped URL path [/**] onto handler of type [class org.springframework.web.servlet.resource.ResourceHttpRequestHandler]
[INFO ] 2017-04-09 19:31:11.016 [main] SimpleUrlHandlerMapping - Mapped URL path [/**/favicon.ico] onto handler of type [class org.springframework.web.servlet.resource.ResourceHttpRequestHandler]
[INFO ] 2017-04-09 19:31:14.862 [http-nio-8080-exec-1] DispatcherServlet - FrameworkServlet 'dispatcherServlet': initialization started
[INFO ] 2017-04-09 19:31:14.888 [http-nio-8080-exec-1] DispatcherServlet - FrameworkServlet 'dispatcherServlet': initialization completed in 25 ms
[INFO ] 2017-04-09 19:32:25.810 [localhost-startStop-1] ContextLoader - Root WebApplicationContext: initialization completed in 1675 ms
[INFO ] 2017-04-09 19:32:26.480 [main] RequestMappingHandlerAdapter - Looking for @ControllerAdvice: org.springframework.boot.context.embedded.AnnotationConfigEmbeddedWebApplicationContext@45b4c3a9: startup date [Sun Apr 09 19:32:24 CEST 2017]; root of context hierarchy
[INFO ] 2017-04-09 19:32:26.563 [main] RequestMappingHandlerMapping - Mapped "{[/restNEO/feed]}" onto public java.lang.String com.sz.asteroid.FeedService.fetchFeedToday() throws com.fasterxml.jackson.core.JsonProcessingException,java.io.IOException
[INFO ] 2017-04-09 19:32:26.567 [main] RequestMappingHandlerMapping - Mapped "{[/error]}" onto public org.springframework.http.ResponseEntity<java.util.Map<java.lang.String, java.lang.Object>> org.springframework.boot.autoconfigure.web.BasicErrorController.error(javax.servlet.http.HttpServletRequest)
[INFO ] 2017-04-09 19:32:26.568 [main] RequestMappingHandlerMapping - Mapped "{[/error],produces=[text/html]}" onto public org.springframework.web.servlet.ModelAndView org.springframework.boot.autoconfigure.web.BasicErrorController.errorHtml(javax.servlet.http.HttpServletRequest,javax.servlet.http.HttpServletResponse)
[INFO ] 2017-04-09 19:32:26.611 [main] SimpleUrlHandlerMapping - Mapped URL path [/webjars/**] onto handler of type [class org.springframework.web.servlet.resource.ResourceHttpRequestHandler]
[INFO ] 2017-04-09 19:32:26.612 [main] SimpleUrlHandlerMapping - Mapped URL path [/**] onto handler of type [class org.springframework.web.servlet.resource.ResourceHttpRequestHandler]
[INFO ] 2017-04-09 19:32:26.661 [main] SimpleUrlHandlerMapping - Mapped URL path [/**/favicon.ico] onto handler of type [class org.springframework.web.servlet.resource.ResourceHttpRequestHandler]
[INFO ] 2017-04-09 19:32:32.397 [http-nio-8080-exec-1] DispatcherServlet - FrameworkServlet 'dispatcherServlet': initialization started
[INFO ] 2017-04-09 19:32:32.421 [http-nio-8080-exec-1] DispatcherServlet - FrameworkServlet 'dispatcherServlet': initialization completed in 24 ms
[INFO ] 2017-04-09 19:33:03.622 [localhost-startStop-1] ContextLoader - Root WebApplicationContext: initialization completed in 2091 ms
[INFO ] 2017-04-09 19:33:04.556 [main] RequestMappingHandlerAdapter - Looking for @ControllerAdvice: org.springframework.boot.context.embedded.AnnotationConfigEmbeddedWebApplicationContext@5e81e5ac: startup date [Sun Apr 09 19:33:01 CEST 2017]; root of context hierarchy
[INFO ] 2017-04-09 19:33:04.683 [main] RequestMappingHandlerMapping - Mapped "{[/restNEO/feed]}" onto public java.lang.String com.sz.asteroid.FeedService.fetchFeedToday() throws com.fasterxml.jackson.core.JsonProcessingException,java.io.IOException
[INFO ] 2017-04-09 19:33:04.687 [main] RequestMappingHandlerMapping - Mapped "{[/error]}" onto public org.springframework.http.ResponseEntity<java.util.Map<java.lang.String, java.lang.Object>> org.springframework.boot.autoconfigure.web.BasicErrorController.error(javax.servlet.http.HttpServletRequest)
[INFO ] 2017-04-09 19:33:04.688 [main] RequestMappingHandlerMapping - Mapped "{[/error],produces=[text/html]}" onto public org.springframework.web.servlet.ModelAndView org.springframework.boot.autoconfigure.web.BasicErrorController.errorHtml(javax.servlet.http.HttpServletRequest,javax.servlet.http.HttpServletResponse)
[INFO ] 2017-04-09 19:33:04.756 [main] SimpleUrlHandlerMapping - Mapped URL path [/webjars/**] onto handler of type [class org.springframework.web.servlet.resource.ResourceHttpRequestHandler]
[INFO ] 2017-04-09 19:33:04.756 [main] SimpleUrlHandlerMapping - Mapped URL path [/**] onto handler of type [class org.springframework.web.servlet.resource.ResourceHttpRequestHandler]
[INFO ] 2017-04-09 19:33:04.834 [main] SimpleUrlHandlerMapping - Mapped URL path [/**/favicon.ico] onto handler of type [class org.springframework.web.servlet.resource.ResourceHttpRequestHandler]
[INFO ] 2017-04-09 19:33:09.151 [http-nio-8080-exec-1] DispatcherServlet - FrameworkServlet 'dispatcherServlet': initialization started
[INFO ] 2017-04-09 19:33:09.182 [http-nio-8080-exec-1] DispatcherServlet - FrameworkServlet 'dispatcherServlet': initialization completed in 30 ms
[INFO ] 2017-04-10 17:01:52.523 [main] GenericWebApplicationContext - Refreshing org.springframework.web.context.support.GenericWebApplicationContext@23e84203: startup date [Mon Apr 10 17:01:52 CEST 2017]; root of context hierarchy
[INFO ] 2017-04-10 17:01:55.681 [main] RequestMappingHandlerAdapter - Looking for @ControllerAdvice: org.springframework.web.context.support.GenericWebApplicationContext@23e84203: startup date [Mon Apr 10 17:01:52 CEST 2017]; root of context hierarchy
[INFO ] 2017-04-10 17:01:55.808 [main] RequestMappingHandlerMapping - Mapped "{[/restNEO/feed]}" onto public java.lang.String com.sz.asteroid.FeedService.fetchFeedToday() throws com.fasterxml.jackson.core.JsonProcessingException,java.io.IOException
[INFO ] 2017-04-10 17:01:55.812 [main] RequestMappingHandlerMapping - Mapped "{[/error]}" onto public org.springframework.http.ResponseEntity<java.util.Map<java.lang.String, java.lang.Object>> org.springframework.boot.autoconfigure.web.BasicErrorController.error(javax.servlet.http.HttpServletRequest)
[INFO ] 2017-04-10 17:01:55.813 [main] RequestMappingHandlerMapping - Mapped "{[/error],produces=[text/html]}" onto public org.springframework.web.servlet.ModelAndView org.springframework.boot.autoconfigure.web.BasicErrorController.errorHtml(javax.servlet.http.HttpServletRequest,javax.servlet.http.HttpServletResponse)
[INFO ] 2017-04-10 17:01:55.873 [main] SimpleUrlHandlerMapping - Mapped URL path [/webjars/**] onto handler of type [class org.springframework.web.servlet.resource.ResourceHttpRequestHandler]
[INFO ] 2017-04-10 17:01:55.873 [main] SimpleUrlHandlerMapping - Mapped URL path [/**] onto handler of type [class org.springframework.web.servlet.resource.ResourceHttpRequestHandler]
[INFO ] 2017-04-10 17:01:56.305 [main] SimpleUrlHandlerMapping - Mapped URL path [/**/favicon.ico] onto handler of type [class org.springframework.web.servlet.resource.ResourceHttpRequestHandler]
[INFO ] 2017-04-10 17:01:57.350 [Thread-2] GenericWebApplicationContext - Closing org.springframework.web.context.support.GenericWebApplicationContext@23e84203: startup date [Mon Apr 10 17:01:52 CEST 2017]; root of context hierarchy
[INFO ] 2017-04-10 17:14:31.292 [localhost-startStop-1] ContextLoader - Root WebApplicationContext: initialization completed in 2196 ms
[INFO ] 2017-04-10 17:14:31.988 [main] RequestMappingHandlerAdapter - Looking for @ControllerAdvice: org.springframework.boot.context.embedded.AnnotationConfigEmbeddedWebApplicationContext@7494f96a: startup date [Mon Apr 10 17:14:29 CEST 2017]; root of context hierarchy
[INFO ] 2017-04-10 17:14:32.064 [main] RequestMappingHandlerMapping - Mapped "{[/restNEO/feed]}" onto public java.lang.String com.sz.asteroid.FeedService.fetchFeedToday() throws com.fasterxml.jackson.core.JsonProcessingException,java.io.IOException
[INFO ] 2017-04-10 17:14:32.069 [main] RequestMappingHandlerMapping - Mapped "{[/error]}" onto public org.springframework.http.ResponseEntity<java.util.Map<java.lang.String, java.lang.Object>> org.springframework.boot.autoconfigure.web.BasicErrorController.error(javax.servlet.http.HttpServletRequest)
[INFO ] 2017-04-10 17:14:32.069 [main] RequestMappingHandlerMapping - Mapped "{[/error],produces=[text/html]}" onto public org.springframework.web.servlet.ModelAndView org.springframework.boot.autoconfigure.web.BasicErrorController.errorHtml(javax.servlet.http.HttpServletRequest,javax.servlet.http.HttpServletResponse)
[INFO ] 2017-04-10 17:14:32.109 [main] SimpleUrlHandlerMapping - Mapped URL path [/webjars/**] onto handler of type [class org.springframework.web.servlet.resource.ResourceHttpRequestHandler]
[INFO ] 2017-04-10 17:14:32.109 [main] SimpleUrlHandlerMapping - Mapped URL path [/**] onto handler of type [class org.springframework.web.servlet.resource.ResourceHttpRequestHandler]
[INFO ] 2017-04-10 17:14:32.155 [main] SimpleUrlHandlerMapping - Mapped URL path [/**/favicon.ico] onto handler of type [class org.springframework.web.servlet.resource.ResourceHttpRequestHandler]
[INFO ] 2017-04-10 17:14:37.675 [http-nio-8080-exec-1] DispatcherServlet - FrameworkServlet 'dispatcherServlet': initialization started
[INFO ] 2017-04-10 17:14:37.705 [http-nio-8080-exec-1] DispatcherServlet - FrameworkServlet 'dispatcherServlet': initialization completed in 29 ms
[INFO ] 2017-04-10 17:54:55.753 [main] GenericWebApplicationContext - Refreshing org.springframework.web.context.support.GenericWebApplicationContext@514646ef: startup date [Mon Apr 10 17:54:55 CEST 2017]; root of context hierarchy
[INFO ] 2017-04-10 17:54:57.821 [main] RequestMappingHandlerAdapter - Looking for @ControllerAdvice: org.springframework.web.context.support.GenericWebApplicationContext@514646ef: startup date [Mon Apr 10 17:54:55 CEST 2017]; root of context hierarchy
[INFO ] 2017-04-10 17:54:57.926 [main] RequestMappingHandlerMapping - Mapped "{[/restNEO/feed]}" onto public java.lang.String com.sz.asteroid.FeedService.fetchFeedToday() throws com.fasterxml.jackson.core.JsonProcessingException,java.io.IOException
[INFO ] 2017-04-10 17:54:57.931 [main] RequestMappingHandlerMapping - Mapped "{[/error]}" onto public org.springframework.http.ResponseEntity<java.util.Map<java.lang.String, java.lang.Object>> org.springframework.boot.autoconfigure.web.BasicErrorController.error(javax.servlet.http.HttpServletRequest)
[INFO ] 2017-04-10 17:54:57.931 [main] RequestMappingHandlerMapping - Mapped "{[/error],produces=[text/html]}" onto public org.springframework.web.servlet.ModelAndView org.springframework.boot.autoconfigure.web.BasicErrorController.errorHtml(javax.servlet.http.HttpServletRequest,javax.servlet.http.HttpServletResponse)
[INFO ] 2017-04-10 17:54:57.987 [main] SimpleUrlHandlerMapping - Mapped URL path [/webjars/**] onto handler of type [class org.springframework.web.servlet.resource.ResourceHttpRequestHandler]
[INFO ] 2017-04-10 17:54:58.010 [main] SimpleUrlHandlerMapping - Mapped URL path [/**] onto handler of type [class org.springframework.web.servlet.resource.ResourceHttpRequestHandler]
[INFO ] 2017-04-10 17:54:58.058 [main] SimpleUrlHandlerMapping - Mapped URL path [/**/favicon.ico] onto handler of type [class org.springframework.web.servlet.resource.ResourceHttpRequestHandler]
[INFO ] 2017-04-10 17:54:58.782 [Thread-2] GenericWebApplicationContext - Closing org.springframework.web.context.support.GenericWebApplicationContext@514646ef: startup date [Mon Apr 10 17:54:55 CEST 2017]; root of context hierarchy
[INFO ] 2017-04-10 17:56:01.906 [main] GenericWebApplicationContext - Refreshing org.springframework.web.context.support.GenericWebApplicationContext@78452606: startup date [Mon Apr 10 17:56:01 CEST 2017]; root of context hierarchy
[INFO ] 2017-04-10 17:56:04.021 [main] RequestMappingHandlerAdapter - Looking for @ControllerAdvice: org.springframework.web.context.support.GenericWebApplicationContext@78452606: startup date [Mon Apr 10 17:56:01 CEST 2017]; root of context hierarchy
[INFO ] 2017-04-10 17:56:04.096 [main] RequestMappingHandlerMapping - Mapped "{[/restNEO/feed]}" onto public java.lang.String com.sz.asteroid.FeedService.fetchFeedToday() throws com.fasterxml.jackson.core.JsonProcessingException,java.io.IOException
[INFO ] 2017-04-10 17:56:04.100 [main] RequestMappingHandlerMapping - Mapped "{[/error]}" onto public org.springframework.http.ResponseEntity<java.util.Map<java.lang.String, java.lang.Object>> org.springframework.boot.autoconfigure.web.BasicErrorController.error(javax.servlet.http.HttpServletRequest)
[INFO ] 2017-04-10 17:56:04.100 [main] RequestMappingHandlerMapping - Mapped "{[/error],produces=[text/html]}" onto public org.springframework.web.servlet.ModelAndView org.springframework.boot.autoconfigure.web.BasicErrorController.errorHtml(javax.servlet.http.HttpServletRequest,javax.servlet.http.HttpServletResponse)
[INFO ] 2017-04-10 17:56:04.145 [main] SimpleUrlHandlerMapping - Mapped URL path [/webjars/**] onto handler of type [class org.springframework.web.servlet.resource.ResourceHttpRequestHandler]
[INFO ] 2017-04-10 17:56:04.145 [main] SimpleUrlHandlerMapping - Mapped URL path [/**] onto handler of type [class org.springframework.web.servlet.resource.ResourceHttpRequestHandler]
[INFO ] 2017-04-10 17:56:04.198 [main] SimpleUrlHandlerMapping - Mapped URL path [/**/favicon.ico] onto handler of type [class org.springframework.web.servlet.resource.ResourceHttpRequestHandler]
[INFO ] 2017-04-10 17:56:04.889 [Thread-2] GenericWebApplicationContext - Closing org.springframework.web.context.support.GenericWebApplicationContext@78452606: startup date [Mon Apr 10 17:56:01 CEST 2017]; root of context hierarchy
[INFO ] 2017-04-10 18:04:05.297 [main] GenericWebApplicationContext - Refreshing org.springframework.web.context.support.GenericWebApplicationContext@78452606: startup date [Mon Apr 10 18:04:05 CEST 2017]; root of context hierarchy
[INFO ] 2017-04-10 18:04:07.420 [main] RequestMappingHandlerAdapter - Looking for @ControllerAdvice: org.springframework.web.context.support.GenericWebApplicationContext@78452606: startup date [Mon Apr 10 18:04:05 CEST 2017]; root of context hierarchy
[INFO ] 2017-04-10 18:04:07.497 [main] RequestMappingHandlerMapping - Mapped "{[/restNEO/feed]}" onto public java.lang.String com.sz.asteroid.FeedService.fetchFeedToday() throws com.fasterxml.jackson.core.JsonProcessingException,java.io.IOException
[INFO ] 2017-04-10 18:04:07.502 [main] RequestMappingHandlerMapping - Mapped "{[/error]}" onto public org.springframework.http.ResponseEntity<java.util.Map<java.lang.String, java.lang.Object>> org.springframework.boot.autoconfigure.web.BasicErrorController.error(javax.servlet.http.HttpServletRequest)
[INFO ] 2017-04-10 18:04:07.502 [main] RequestMappingHandlerMapping - Mapped "{[/error],produces=[text/html]}" onto public org.springframework.web.servlet.ModelAndView org.springframework.boot.autoconfigure.web.BasicErrorController.errorHtml(javax.servlet.http.HttpServletRequest,javax.servlet.http.HttpServletResponse)
[INFO ] 2017-04-10 18:04:07.546 [main] SimpleUrlHandlerMapping - Mapped URL path [/webjars/**] onto handler of type [class org.springframework.web.servlet.resource.ResourceHttpRequestHandler]
[INFO ] 2017-04-10 18:04:07.546 [main] SimpleUrlHandlerMapping - Mapped URL path [/**] onto handler of type [class org.springframework.web.servlet.resource.ResourceHttpRequestHandler]
[INFO ] 2017-04-10 18:04:07.608 [main] SimpleUrlHandlerMapping - Mapped URL path [/**/favicon.ico] onto handler of type [class org.springframework.web.servlet.resource.ResourceHttpRequestHandler]
[INFO ] 2017-04-10 18:04:08.352 [Thread-2] GenericWebApplicationContext - Closing org.springframework.web.context.support.GenericWebApplicationContext@78452606: startup date [Mon Apr 10 18:04:05 CEST 2017]; root of context hierarchy
[INFO ] 2017-04-10 18:04:41.231 [main] GenericWebApplicationContext - Refreshing org.springframework.web.context.support.GenericWebApplicationContext@78452606: startup date [Mon Apr 10 18:04:41 CEST 2017]; root of context hierarchy
[INFO ] 2017-04-10 18:04:43.373 [main] RequestMappingHandlerAdapter - Looking for @ControllerAdvice: org.springframework.web.context.support.GenericWebApplicationContext@78452606: startup date [Mon Apr 10 18:04:41 CEST 2017]; root of context hierarchy
[INFO ] 2017-04-10 18:04:43.452 [main] RequestMappingHandlerMapping - Mapped "{[/restNEO/feed]}" onto public java.lang.String com.sz.asteroid.FeedService.fetchFeedToday() throws com.fasterxml.jackson.core.JsonProcessingException,java.io.IOException
[INFO ] 2017-04-10 18:04:43.455 [main] RequestMappingHandlerMapping - Mapped "{[/error]}" onto public org.springframework.http.ResponseEntity<java.util.Map<java.lang.String, java.lang.Object>> org.springframework.boot.autoconfigure.web.BasicErrorController.error(javax.servlet.http.HttpServletRequest)
[INFO ] 2017-04-10 18:04:43.456 [main] RequestMappingHandlerMapping - Mapped "{[/error],produces=[text/html]}" onto public org.springframework.web.servlet.ModelAndView org.springframework.boot.autoconfigure.web.BasicErrorController.errorHtml(javax.servlet.http.HttpServletRequest,javax.servlet.http.HttpServletResponse)
[INFO ] 2017-04-10 18:04:43.498 [main] SimpleUrlHandlerMapping - Mapped URL path [/webjars/**] onto handler of type [class org.springframework.web.servlet.resource.ResourceHttpRequestHandler]
[INFO ] 2017-04-10 18:04:43.499 [main] SimpleUrlHandlerMapping - Mapped URL path [/**] onto handler of type [class org.springframework.web.servlet.resource.ResourceHttpRequestHandler]
[INFO ] 2017-04-10 18:04:43.551 [main] SimpleUrlHandlerMapping - Mapped URL path [/**/favicon.ico] onto handler of type [class org.springframework.web.servlet.resource.ResourceHttpRequestHandler]
[INFO ] 2017-04-10 18:04:44.247 [Thread-2] GenericWebApplicationContext - Closing org.springframework.web.context.support.GenericWebApplicationContext@78452606: startup date [Mon Apr 10 18:04:41 CEST 2017]; root of context hierarchy
[INFO ] 2017-04-10 18:11:45.273 [main] GenericWebApplicationContext - Refreshing org.springframework.web.context.support.GenericWebApplicationContext@514646ef: startup date [Mon Apr 10 18:11:45 CEST 2017]; root of context hierarchy
[INFO ] 2017-04-10 18:11:47.432 [main] RequestMappingHandlerAdapter - Looking for @ControllerAdvice: org.springframework.web.context.support.GenericWebApplicationContext@514646ef: startup date [Mon Apr 10 18:11:45 CEST 2017]; root of context hierarchy
[INFO ] 2017-04-10 18:11:47.515 [main] RequestMappingHandlerMapping - Mapped "{[/restNEO/feed]}" onto public java.lang.String com.sz.asteroid.FeedService.fetchFeedToday() throws com.fasterxml.jackson.core.JsonProcessingException,java.io.IOException
[INFO ] 2017-04-10 18:11:47.519 [main] RequestMappingHandlerMapping - Mapped "{[/error]}" onto public org.springframework.http.ResponseEntity<java.util.Map<java.lang.String, java.lang.Object>> org.springframework.boot.autoconfigure.web.BasicErrorController.error(javax.servlet.http.HttpServletRequest)
[INFO ] 2017-04-10 18:11:47.520 [main] RequestMappingHandlerMapping - Mapped "{[/error],produces=[text/html]}" onto public org.springframework.web.servlet.ModelAndView org.springframework.boot.autoconfigure.web.BasicErrorController.errorHtml(javax.servlet.http.HttpServletRequest,javax.servlet.http.HttpServletResponse)
[INFO ] 2017-04-10 18:11:47.570 [main] SimpleUrlHandlerMapping - Mapped URL path [/webjars/**] onto handler of type [class org.springframework.web.servlet.resource.ResourceHttpRequestHandler]
[INFO ] 2017-04-10 18:11:47.571 [main] SimpleUrlHandlerMapping - Mapped URL path [/**] onto handler of type [class org.springframework.web.servlet.resource.ResourceHttpRequestHandler]
[INFO ] 2017-04-10 18:11:47.622 [main] SimpleUrlHandlerMapping - Mapped URL path [/**/favicon.ico] onto handler of type [class org.springframework.web.servlet.resource.ResourceHttpRequestHandler]
[INFO ] 2017-04-10 18:11:48.359 [Thread-2] GenericWebApplicationContext - Closing org.springframework.web.context.support.GenericWebApplicationContext@514646ef: startup date [Mon Apr 10 18:11:45 CEST 2017]; root of context hierarchy
[INFO ] 2017-04-10 18:13:03.702 [main] GenericWebApplicationContext - Refreshing org.springframework.web.context.support.GenericWebApplicationContext@7c041b41: startup date [Mon Apr 10 18:13:03 CEST 2017]; root of context hierarchy
[INFO ] 2017-04-10 18:13:06.373 [main] RequestMappingHandlerAdapter - Looking for @ControllerAdvice: org.springframework.web.context.support.GenericWebApplicationContext@7c041b41: startup date [Mon Apr 10 18:13:03 CEST 2017]; root of context hierarchy
[INFO ] 2017-04-10 18:13:06.479 [main] RequestMappingHandlerMapping - Mapped "{[/restNEO/feed]}" onto public java.lang.String com.sz.asteroid.FeedService.fetchFeedToday() throws com.fasterxml.jackson.core.JsonProcessingException,java.io.IOException
[INFO ] 2017-04-10 18:13:06.484 [main] RequestMappingHandlerMapping - Mapped "{[/error]}" onto public org.springframework.http.ResponseEntity<java.util.Map<java.lang.String, java.lang.Object>> org.springframework.boot.autoconfigure.web.BasicErrorController.error(javax.servlet.http.HttpServletRequest)
[INFO ] 2017-04-10 18:13:06.485 [main] RequestMappingHandlerMapping - Mapped "{[/error],produces=[text/html]}" onto public org.springframework.web.servlet.ModelAndView org.springframework.boot.autoconfigure.web.BasicErrorController.errorHtml(javax.servlet.http.HttpServletRequest,javax.servlet.http.HttpServletResponse)
[INFO ] 2017-04-10 18:13:06.558 [main] SimpleUrlHandlerMapping - Mapped URL path [/webjars/**] onto handler of type [class org.springframework.web.servlet.resource.ResourceHttpRequestHandler]
[INFO ] 2017-04-10 18:13:06.558 [main] SimpleUrlHandlerMapping - Mapped URL path [/**] onto handler of type [class org.springframework.web.servlet.resource.ResourceHttpRequestHandler]
[INFO ] 2017-04-10 18:13:06.636 [main] SimpleUrlHandlerMapping - Mapped URL path [/**/favicon.ico] onto handler of type [class org.springframework.web.servlet.resource.ResourceHttpRequestHandler]
[INFO ] 2017-04-10 18:13:43.940 [Thread-2] GenericWebApplicationContext - Closing org.springframework.web.context.support.GenericWebApplicationContext@7c041b41: startup date [Mon Apr 10 18:13:03 CEST 2017]; root of context hierarchy
[INFO ] 2017-04-10 18:14:07.418 [main] GenericWebApplicationContext - Refreshing org.springframework.web.context.support.GenericWebApplicationContext@5df417a7: startup date [Mon Apr 10 18:14:07 CEST 2017]; root of context hierarchy
[INFO ] 2017-04-10 18:14:10.084 [main] RequestMappingHandlerAdapter - Looking for @ControllerAdvice: org.springframework.web.context.support.GenericWebApplicationContext@5df417a7: startup date [Mon Apr 10 18:14:07 CEST 2017]; root of context hierarchy
[INFO ] 2017-04-10 18:14:10.190 [main] RequestMappingHandlerMapping - Mapped "{[/restNEO/feed]}" onto public java.lang.String com.sz.asteroid.FeedService.fetchFeedToday() throws com.fasterxml.jackson.core.JsonProcessingException,java.io.IOException
[INFO ] 2017-04-10 18:14:10.195 [main] RequestMappingHandlerMapping - Mapped "{[/error]}" onto public org.springframework.http.ResponseEntity<java.util.Map<java.lang.String, java.lang.Object>> org.springframework.boot.autoconfigure.web.BasicErrorController.error(javax.servlet.http.HttpServletRequest)
[INFO ] 2017-04-10 18:14:10.196 [main] RequestMappingHandlerMapping - Mapped "{[/error],produces=[text/html]}" onto public org.springframework.web.servlet.ModelAndView org.springframework.boot.autoconfigure.web.BasicErrorController.errorHtml(javax.servlet.http.HttpServletRequest,javax.servlet.http.HttpServletResponse)
[INFO ] 2017-04-10 18:14:10.269 [main] SimpleUrlHandlerMapping - Mapped URL path [/webjars/**] onto handler of type [class org.springframework.web.servlet.resource.ResourceHttpRequestHandler]
[INFO ] 2017-04-10 18:14:10.269 [main] SimpleUrlHandlerMapping - Mapped URL path [/**] onto handler of type [class org.springframework.web.servlet.resource.ResourceHttpRequestHandler]
[INFO ] 2017-04-10 18:14:10.359 [main] SimpleUrlHandlerMapping - Mapped URL path [/**/favicon.ico] onto handler of type [class org.springframework.web.servlet.resource.ResourceHttpRequestHandler]
[INFO ] 2017-04-10 18:14:11.723 [Thread-2] GenericWebApplicationContext - Closing org.springframework.web.context.support.GenericWebApplicationContext@5df417a7: startup date [Mon Apr 10 18:14:07 CEST 2017]; root of context hierarchy
[INFO ] 2017-04-10 18:14:55.572 [main] GenericWebApplicationContext - Refreshing org.springframework.web.context.support.GenericWebApplicationContext@5df417a7: startup date [Mon Apr 10 18:14:55 CEST 2017]; root of context hierarchy
[INFO ] 2017-04-10 18:14:58.247 [main] RequestMappingHandlerAdapter - Looking for @ControllerAdvice: org.springframework.web.context.support.GenericWebApplicationContext@5df417a7: startup date [Mon Apr 10 18:14:55 CEST 2017]; root of context hierarchy
[INFO ] 2017-04-10 18:14:58.354 [main] RequestMappingHandlerMapping - Mapped "{[/restNEO/feed]}" onto public java.lang.String com.sz.asteroid.FeedService.fetchFeedToday() throws com.fasterxml.jackson.core.JsonProcessingException,java.io.IOException
[INFO ] 2017-04-10 18:14:58.359 [main] RequestMappingHandlerMapping - Mapped "{[/error]}" onto public org.springframework.http.ResponseEntity<java.util.Map<java.lang.String, java.lang.Object>> org.springframework.boot.autoconfigure.web.BasicErrorController.error(javax.servlet.http.HttpServletRequest)
[INFO ] 2017-04-10 18:14:58.360 [main] RequestMappingHandlerMapping - Mapped "{[/error],produces=[text/html]}" onto public org.springframework.web.servlet.ModelAndView org.springframework.boot.autoconfigure.web.BasicErrorController.errorHtml(javax.servlet.http.HttpServletRequest,javax.servlet.http.HttpServletResponse)
[INFO ] 2017-04-10 18:14:58.438 [main] SimpleUrlHandlerMapping - Mapped URL path [/webjars/**] onto handler of type [class org.springframework.web.servlet.resource.ResourceHttpRequestHandler]
[INFO ] 2017-04-10 18:14:58.439 [main] SimpleUrlHandlerMapping - Mapped URL path [/**] onto handler of type [class org.springframework.web.servlet.resource.ResourceHttpRequestHandler]
[INFO ] 2017-04-10 18:14:58.523 [main] SimpleUrlHandlerMapping - Mapped URL path [/**/favicon.ico] onto handler of type [class org.springframework.web.servlet.resource.ResourceHttpRequestHandler]
[INFO ] 2017-04-10 18:16:23.577 [Thread-2] GenericWebApplicationContext - Closing org.springframework.web.context.support.GenericWebApplicationContext@5df417a7: startup date [Mon Apr 10 18:14:55 CEST 2017]; root of context hierarchy
[INFO ] 2017-04-10 18:20:30.339 [main] GenericWebApplicationContext - Refreshing org.springframework.web.context.support.GenericWebApplicationContext@7c041b41: startup date [Mon Apr 10 18:20:30 CEST 2017]; root of context hierarchy
[INFO ] 2017-04-10 18:20:33.092 [main] RequestMappingHandlerAdapter - Looking for @ControllerAdvice: org.springframework.web.context.support.GenericWebApplicationContext@7c041b41: startup date [Mon Apr 10 18:20:30 CEST 2017]; root of context hierarchy
[INFO ] 2017-04-10 18:20:33.210 [main] RequestMappingHandlerMapping - Mapped "{[/restNEO/feed]}" onto public java.lang.String com.sz.asteroid.FeedService.fetchFeedToday() throws com.fasterxml.jackson.core.JsonProcessingException,java.io.IOException
[INFO ] 2017-04-10 18:20:33.215 [main] RequestMappingHandlerMapping - Mapped "{[/error]}" onto public org.springframework.http.ResponseEntity<java.util.Map<java.lang.String, java.lang.Object>> org.springframework.boot.autoconfigure.web.BasicErrorController.error(javax.servlet.http.HttpServletRequest)
[INFO ] 2017-04-10 18:20:33.216 [main] RequestMappingHandlerMapping - Mapped "{[/error],produces=[text/html]}" onto public org.springframework.web.servlet.ModelAndView org.springframework.boot.autoconfigure.web.BasicErrorController.errorHtml(javax.servlet.http.HttpServletRequest,javax.servlet.http.HttpServletResponse)
[INFO ] 2017-04-10 18:20:33.285 [main] SimpleUrlHandlerMapping - Mapped URL path [/webjars/**] onto handler of type [class org.springframework.web.servlet.resource.ResourceHttpRequestHandler]
[INFO ] 2017-04-10 18:20:33.285 [main] SimpleUrlHandlerMapping - Mapped URL path [/**] onto handler of type [class org.springframework.web.servlet.resource.ResourceHttpRequestHandler]
[INFO ] 2017-04-10 18:20:33.385 [main] SimpleUrlHandlerMapping - Mapped URL path [/**/favicon.ico] onto handler of type [class org.springframework.web.servlet.resource.ResourceHttpRequestHandler]
[INFO ] 2017-04-10 18:21:14.268 [Thread-2] GenericWebApplicationContext - Closing org.springframework.web.context.support.GenericWebApplicationContext@7c041b41: startup date [Mon Apr 10 18:20:30 CEST 2017]; root of context hierarchy
[INFO ] 2017-04-10 18:22:07.143 [main] GenericWebApplicationContext - Refreshing org.springframework.web.context.support.GenericWebApplicationContext@5df417a7: startup date [Mon Apr 10 18:22:07 CEST 2017]; root of context hierarchy
[INFO ] 2017-04-10 18:22:09.850 [main] RequestMappingHandlerAdapter - Looking for @ControllerAdvice: org.springframework.web.context.support.GenericWebApplicationContext@5df417a7: startup date [Mon Apr 10 18:22:07 CEST 2017]; root of context hierarchy
[INFO ] 2017-04-10 18:22:09.976 [main] RequestMappingHandlerMapping - Mapped "{[/restNEO/feed]}" onto public java.lang.String com.sz.asteroid.FeedService.fetchFeedToday() throws com.fasterxml.jackson.core.JsonProcessingException,java.io.IOException
[INFO ] 2017-04-10 18:22:09.979 [main] RequestMappingHandlerMapping - Mapped "{[/error]}" onto public org.springframework.http.ResponseEntity<java.util.Map<java.lang.String, java.lang.Object>> org.springframework.boot.autoconfigure.web.BasicErrorController.error(javax.servlet.http.HttpServletRequest)
[INFO ] 2017-04-10 18:22:09.980 [main] RequestMappingHandlerMapping - Mapped "{[/error],produces=[text/html]}" onto public org.springframework.web.servlet.ModelAndView org.springframework.boot.autoconfigure.web.BasicErrorController.errorHtml(javax.servlet.http.HttpServletRequest,javax.servlet.http.HttpServletResponse)
[INFO ] 2017-04-10 18:22:10.062 [main] SimpleUrlHandlerMapping - Mapped URL path [/webjars/**] onto handler of type [class org.springframework.web.servlet.resource.ResourceHttpRequestHandler]
[INFO ] 2017-04-10 18:22:10.063 [main] SimpleUrlHandlerMapping - Mapped URL path [/**] onto handler of type [class org.springframework.web.servlet.resource.ResourceHttpRequestHandler]
[INFO ] 2017-04-10 18:22:10.177 [main] SimpleUrlHandlerMapping - Mapped URL path [/**/favicon.ico] onto handler of type [class org.springframework.web.servlet.resource.ResourceHttpRequestHandler]
[INFO ] 2017-04-10 18:22:57.620 [Thread-2] GenericWebApplicationContext - Closing org.springframework.web.context.support.GenericWebApplicationContext@5df417a7: startup date [Mon Apr 10 18:22:07 CEST 2017]; root of context hierarchy
[INFO ] 2017-04-10 18:39:40.720 [main] GenericWebApplicationContext - Refreshing org.springframework.web.context.support.GenericWebApplicationContext@514646ef: startup date [Mon Apr 10 18:39:40 CEST 2017]; root of context hierarchy
[INFO ] 2017-04-10 18:39:42.933 [main] RequestMappingHandlerAdapter - Looking for @ControllerAdvice: org.springframework.web.context.support.GenericWebApplicationContext@514646ef: startup date [Mon Apr 10 18:39:40 CEST 2017]; root of context hierarchy
[INFO ] 2017-04-10 18:39:43.020 [main] RequestMappingHandlerMapping - Mapped "{[/restNEO/feed]}" onto public java.lang.String com.sz.asteroid.FeedService.fetchFeedToday() throws com.fasterxml.jackson.core.JsonProcessingException,java.io.IOException
[INFO ] 2017-04-10 18:39:43.023 [main] RequestMappingHandlerMapping - Mapped "{[/error]}" onto public org.springframework.http.ResponseEntity<java.util.Map<java.lang.String, java.lang.Object>> org.springframework.boot.autoconfigure.web.BasicErrorController.error(javax.servlet.http.HttpServletRequest)
[INFO ] 2017-04-10 18:39:43.023 [main] RequestMappingHandlerMapping - Mapped "{[/error],produces=[text/html]}" onto public org.springframework.web.servlet.ModelAndView org.springframework.boot.autoconfigure.web.BasicErrorController.errorHtml(javax.servlet.http.HttpServletRequest,javax.servlet.http.HttpServletResponse)
[INFO ] 2017-04-10 18:39:43.075 [main] SimpleUrlHandlerMapping - Mapped URL path [/webjars/**] onto handler of type [class org.springframework.web.servlet.resource.ResourceHttpRequestHandler]
[INFO ] 2017-04-10 18:39:43.075 [main] SimpleUrlHandlerMapping - Mapped URL path [/**] onto handler of type [class org.springframework.web.servlet.resource.ResourceHttpRequestHandler]
[INFO ] 2017-04-10 18:39:43.146 [main] SimpleUrlHandlerMapping - Mapped URL path [/**/favicon.ico] onto handler of type [class org.springframework.web.servlet.resource.ResourceHttpRequestHandler]
[INFO ] 2017-04-10 18:39:43.929 [Thread-2] GenericWebApplicationContext - Closing org.springframework.web.context.support.GenericWebApplicationContext@514646ef: startup date [Mon Apr 10 18:39:40 CEST 2017]; root of context hierarchy
[INFO ] 2017-04-10 18:40:05.275 [main] GenericWebApplicationContext - Refreshing org.springframework.web.context.support.GenericWebApplicationContext@514646ef: startup date [Mon Apr 10 18:40:05 CEST 2017]; root of context hierarchy
[INFO ] 2017-04-10 18:40:07.388 [main] RequestMappingHandlerAdapter - Looking for @ControllerAdvice: org.springframework.web.context.support.GenericWebApplicationContext@514646ef: startup date [Mon Apr 10 18:40:05 CEST 2017]; root of context hierarchy
[INFO ] 2017-04-10 18:40:07.468 [main] RequestMappingHandlerMapping - Mapped "{[/restNEO/feed]}" onto public java.lang.String com.sz.asteroid.FeedService.fetchFeedToday() throws com.fasterxml.jackson.core.JsonProcessingException,java.io.IOException
[INFO ] 2017-04-10 18:40:07.471 [main] RequestMappingHandlerMapping - Mapped "{[/error]}" onto public org.springframework.http.ResponseEntity<java.util.Map<java.lang.String, java.lang.Object>> org.springframework.boot.autoconfigure.web.BasicErrorController.error(javax.servlet.http.HttpServletRequest)
[INFO ] 2017-04-10 18:40:07.472 [main] RequestMappingHandlerMapping - Mapped "{[/error],produces=[text/html]}" onto public org.springframework.web.servlet.ModelAndView org.springframework.boot.autoconfigure.web.BasicErrorController.errorHtml(javax.servlet.http.HttpServletRequest,javax.servlet.http.HttpServletResponse)
[INFO ] 2017-04-10 18:40:07.515 [main] SimpleUrlHandlerMapping - Mapped URL path [/webjars/**] onto handler of type [class org.springframework.web.servlet.resource.ResourceHttpRequestHandler]
[INFO ] 2017-04-10 18:40:07.516 [main] SimpleUrlHandlerMapping - Mapped URL path [/**] onto handler of type [class org.springframework.web.servlet.resource.ResourceHttpRequestHandler]
[INFO ] 2017-04-10 18:40:07.565 [main] SimpleUrlHandlerMapping - Mapped URL path [/**/favicon.ico] onto handler of type [class org.springframework.web.servlet.resource.ResourceHttpRequestHandler]
[INFO ] 2017-04-10 18:40:08.746 [Thread-2] GenericWebApplicationContext - Closing org.springframework.web.context.support.GenericWebApplicationContext@514646ef: startup date [Mon Apr 10 18:40:05 CEST 2017]; root of context hierarchy
[INFO ] 2017-04-10 19:03:42.014 [main] GenericWebApplicationContext - Refreshing org.springframework.web.context.support.GenericWebApplicationContext@514646ef: startup date [Mon Apr 10 19:03:42 CEST 2017]; root of context hierarchy
[INFO ] 2017-04-10 19:03:44.270 [main] RequestMappingHandlerAdapter - Looking for @ControllerAdvice: org.springframework.web.context.support.GenericWebApplicationContext@514646ef: startup date [Mon Apr 10 19:03:42 CEST 2017]; root of context hierarchy
[INFO ] 2017-04-10 19:03:44.379 [main] RequestMappingHandlerMapping - Mapped "{[/restNEO/feed]}" onto public java.lang.String com.sz.asteroid.FeedService.fetchFeedToday() throws com.fasterxml.jackson.core.JsonProcessingException,java.io.IOException
[INFO ] 2017-04-10 19:03:44.384 [main] RequestMappingHandlerMapping - Mapped "{[/error]}" onto public org.springframework.http.ResponseEntity<java.util.Map<java.lang.String, java.lang.Object>> org.springframework.boot.autoconfigure.web.BasicErrorController.error(javax.servlet.http.HttpServletRequest)
[INFO ] 2017-04-10 19:03:44.385 [main] RequestMappingHandlerMapping - Mapped "{[/error],produces=[text/html]}" onto public org.springframework.web.servlet.ModelAndView org.springframework.boot.autoconfigure.web.BasicErrorController.errorHtml(javax.servlet.http.HttpServletRequest,javax.servlet.http.HttpServletResponse)
[INFO ] 2017-04-10 19:03:44.448 [main] SimpleUrlHandlerMapping - Mapped URL path [/webjars/**] onto handler of type [class org.springframework.web.servlet.resource.ResourceHttpRequestHandler]
[INFO ] 2017-04-10 19:03:44.448 [main] SimpleUrlHandlerMapping - Mapped URL path [/**] onto handler of type [class org.springframework.web.servlet.resource.ResourceHttpRequestHandler]
[INFO ] 2017-04-10 19:03:44.508 [main] SimpleUrlHandlerMapping - Mapped URL path [/**/favicon.ico] onto handler of type [class org.springframework.web.servlet.resource.ResourceHttpRequestHandler]
[INFO ] 2017-04-10 19:03:45.751 [Thread-2] GenericWebApplicationContext - Closing org.springframework.web.context.support.GenericWebApplicationContext@514646ef: startup date [Mon Apr 10 19:03:42 CEST 2017]; root of context hierarchy
[INFO ] 2017-04-10 19:05:56.375 [main] GenericWebApplicationContext - Refreshing org.springframework.web.context.support.GenericWebApplicationContext@302c971f: startup date [Mon Apr 10 19:05:56 CEST 2017]; root of context hierarchy
[INFO ] 2017-04-10 19:05:58.517 [main] RequestMappingHandlerAdapter - Looking for @ControllerAdvice: org.springframework.web.context.support.GenericWebApplicationContext@302c971f: startup date [Mon Apr 10 19:05:56 CEST 2017]; root of context hierarchy
[INFO ] 2017-04-10 19:05:58.606 [main] RequestMappingHandlerMapping - Mapped "{[/restNEO/feed]}" onto public java.lang.String com.sz.asteroid.FeedService.fetchFeedToday() throws com.fasterxml.jackson.core.JsonProcessingException,java.io.IOException
[INFO ] 2017-04-10 19:05:58.610 [main] RequestMappingHandlerMapping - Mapped "{[/error]}" onto public org.springframework.http.ResponseEntity<java.util.Map<java.lang.String, java.lang.Object>> org.springframework.boot.autoconfigure.web.BasicErrorController.error(javax.servlet.http.HttpServletRequest)
[INFO ] 2017-04-10 19:05:58.610 [main] RequestMappingHandlerMapping - Mapped "{[/error],produces=[text/html]}" onto public org.springframework.web.servlet.ModelAndView org.springframework.boot.autoconfigure.web.BasicErrorController.errorHtml(javax.servlet.http.HttpServletRequest,javax.servlet.http.HttpServletResponse)
[INFO ] 2017-04-10 19:05:58.658 [main] SimpleUrlHandlerMapping - Mapped URL path [/webjars/**] onto handler of type [class org.springframework.web.servlet.resource.ResourceHttpRequestHandler]
[INFO ] 2017-04-10 19:05:58.658 [main] SimpleUrlHandlerMapping - Mapped URL path [/**] onto handler of type [class org.springframework.web.servlet.resource.ResourceHttpRequestHandler]
[INFO ] 2017-04-10 19:05:58.715 [main] SimpleUrlHandlerMapping - Mapped URL path [/**/favicon.ico] onto handler of type [class org.springframework.web.servlet.resource.ResourceHttpRequestHandler]
[INFO ] 2017-04-10 19:05:59.757 [Thread-2] GenericWebApplicationContext - Closing org.springframework.web.context.support.GenericWebApplicationContext@302c971f: startup date [Mon Apr 10 19:05:56 CEST 2017]; root of context hierarchy
